
*** Running vivado
    with args -log PLL_phase_clk_wiz_0_0.vds -m64 -product Vivado -mode batch -messageDb vivado.pb -notrace -source PLL_phase_clk_wiz_0_0.tcl


****** Vivado v2017.4 (64-bit)
  **** SW Build 2086221 on Fri Dec 15 20:54:30 MST 2017
  **** IP Build 2085800 on Fri Dec 15 22:25:07 MST 2017
    ** Copyright 1986-2017 Xilinx, Inc. All Rights Reserved.

source PLL_phase_clk_wiz_0_0.tcl -notrace
Command: synth_design -top PLL_phase_clk_wiz_0_0 -part xc7z020clg484-1 -mode out_of_context
Starting synth_design
Attempting to get a license for feature 'Synthesis' and/or device 'xc7z020'
INFO: [Common 17-349] Got license for feature 'Synthesis' and/or device 'xc7z020'
INFO: Launching helper process for spawning children vivado processes
INFO: Helper process launched with PID 12379 
---------------------------------------------------------------------------------
Starting RTL Elaboration : Time (s): cpu = 00:00:10 ; elapsed = 00:00:12 . Memory (MB): peak = 1296.828 ; gain = 84.996 ; free physical = 264 ; free virtual = 5181
---------------------------------------------------------------------------------
INFO: [Synth 8-638] synthesizing module 'PLL_phase_clk_wiz_0_0' [/home/eaglesat/Documents/plugsin/plugsin_PL/plugsin_PL.srcs/sources_1/bd/PLL_phase/ip/PLL_phase_clk_wiz_0_0/PLL_phase_clk_wiz_0_0.v:75]
INFO: [Synth 8-638] synthesizing module 'PLL_phase_clk_wiz_0_0_clk_wiz' [/home/eaglesat/Documents/plugsin/plugsin_PL/plugsin_PL.srcs/sources_1/bd/PLL_phase/ip/PLL_phase_clk_wiz_0_0/PLL_phase_clk_wiz_0_0_clk_wiz.v:73]
INFO: [Synth 8-638] synthesizing module 'IBUF' [/home/Xilinx/Vivado/2017.4/scripts/rt/data/unisim_comp.v:19468]
	Parameter CAPACITANCE bound to: DONT_CARE - type: string 
	Parameter IBUF_DELAY_VALUE bound to: 0 - type: string 
	Parameter IBUF_LOW_PWR bound to: TRUE - type: string 
	Parameter IFD_DELAY_VALUE bound to: AUTO - type: string 
	Parameter IOSTANDARD bound to: DEFAULT - type: string 
INFO: [Synth 8-256] done synthesizing module 'IBUF' (1#1) [/home/Xilinx/Vivado/2017.4/scripts/rt/data/unisim_comp.v:19468]
INFO: [Synth 8-638] synthesizing module 'PLLE2_ADV' [/home/Xilinx/Vivado/2017.4/scripts/rt/data/unisim_comp.v:40051]
	Parameter BANDWIDTH bound to: OPTIMIZED - type: string 
	Parameter CLKFBOUT_MULT bound to: 9 - type: integer 
	Parameter CLKFBOUT_PHASE bound to: 0.000000 - type: float 
	Parameter CLKIN1_PERIOD bound to: 10.000000 - type: float 
	Parameter CLKIN2_PERIOD bound to: 0.000000 - type: float 
	Parameter CLKOUT0_DIVIDE bound to: 18 - type: integer 
	Parameter CLKOUT0_DUTY_CYCLE bound to: 0.500000 - type: float 
	Parameter CLKOUT0_PHASE bound to: 0.000000 - type: float 
	Parameter CLKOUT1_DIVIDE bound to: 18 - type: integer 
	Parameter CLKOUT1_DUTY_CYCLE bound to: 0.500000 - type: float 
	Parameter CLKOUT1_PHASE bound to: 60.000000 - type: float 
	Parameter CLKOUT2_DIVIDE bound to: 18 - type: integer 
	Parameter CLKOUT2_DUTY_CYCLE bound to: 0.500000 - type: float 
	Parameter CLKOUT2_PHASE bound to: 120.000000 - type: float 
	Parameter CLKOUT3_DIVIDE bound to: 18 - type: integer 
	Parameter CLKOUT3_DUTY_CYCLE bound to: 0.500000 - type: float 
	Parameter CLKOUT3_PHASE bound to: 180.000000 - type: float 
	Parameter CLKOUT4_DIVIDE bound to: 18 - type: integer 
	Parameter CLKOUT4_DUTY_CYCLE bound to: 0.500000 - type: float 
	Parameter CLKOUT4_PHASE bound to: 240.000000 - type: float 
	Parameter CLKOUT5_DIVIDE bound to: 18 - type: integer 
	Parameter CLKOUT5_DUTY_CYCLE bound to: 0.500000 - type: float 
	Parameter CLKOUT5_PHASE bound to: 300.000000 - type: float 
	Parameter COMPENSATION bound to: ZHOLD - type: string 
	Parameter DIVCLK_DIVIDE bound to: 1 - type: integer 
	Parameter IS_CLKINSEL_INVERTED bound to: 1'b0 
	Parameter IS_PWRDWN_INVERTED bound to: 1'b0 
	Parameter IS_RST_INVERTED bound to: 1'b0 
	Parameter REF_JITTER1 bound to: 0.010000 - type: float 
	Parameter REF_JITTER2 bound to: 0.010000 - type: float 
	Parameter STARTUP_WAIT bound to: FALSE - type: string 
INFO: [Synth 8-256] done synthesizing module 'PLLE2_ADV' (2#1) [/home/Xilinx/Vivado/2017.4/scripts/rt/data/unisim_comp.v:40051]
INFO: [Synth 8-638] synthesizing module 'BUFG' [/home/Xilinx/Vivado/2017.4/scripts/rt/data/unisim_comp.v:607]
INFO: [Synth 8-256] done synthesizing module 'BUFG' (3#1) [/home/Xilinx/Vivado/2017.4/scripts/rt/data/unisim_comp.v:607]
INFO: [Synth 8-256] done synthesizing module 'PLL_phase_clk_wiz_0_0_clk_wiz' (4#1) [/home/eaglesat/Documents/plugsin/plugsin_PL/plugsin_PL.srcs/sources_1/bd/PLL_phase/ip/PLL_phase_clk_wiz_0_0/PLL_phase_clk_wiz_0_0_clk_wiz.v:73]
INFO: [Synth 8-256] done synthesizing module 'PLL_phase_clk_wiz_0_0' (5#1) [/home/eaglesat/Documents/plugsin/plugsin_PL/plugsin_PL.srcs/sources_1/bd/PLL_phase/ip/PLL_phase_clk_wiz_0_0/PLL_phase_clk_wiz_0_0.v:75]
---------------------------------------------------------------------------------
Finished RTL Elaboration : Time (s): cpu = 00:00:11 ; elapsed = 00:00:13 . Memory (MB): peak = 1338.359 ; gain = 126.527 ; free physical = 348 ; free virtual = 5266
---------------------------------------------------------------------------------

Report Check Netlist: 
+------+------------------+-------+---------+-------+------------------+
|      |Item              |Errors |Warnings |Status |Description       |
+------+------------------+-------+---------+-------+------------------+
|1     |multi_driven_nets |      0|        0|Passed |Multi driven nets |
+------+------------------+-------+---------+-------+------------------+
---------------------------------------------------------------------------------
Finished RTL Optimization Phase 1 : Time (s): cpu = 00:00:11 ; elapsed = 00:00:13 . Memory (MB): peak = 1338.359 ; gain = 126.527 ; free physical = 347 ; free virtual = 5265
---------------------------------------------------------------------------------
INFO: [Netlist 29-17] Analyzing 2 Unisim elements for replacement
INFO: [Netlist 29-28] Unisim Transformation completed in 0 CPU seconds
INFO: [Device 21-403] Loading part xc7z020clg484-1
INFO: [Project 1-570] Preparing netlist for logic optimization

Processing XDC Constraints
Initializing timing engine
Parsing XDC File [/home/eaglesat/Documents/plugsin/plugsin_PL/plugsin_PL.srcs/sources_1/bd/PLL_phase/ip/PLL_phase_clk_wiz_0_0/PLL_phase_clk_wiz_0_0_ooc.xdc] for cell 'inst'
Finished Parsing XDC File [/home/eaglesat/Documents/plugsin/plugsin_PL/plugsin_PL.srcs/sources_1/bd/PLL_phase/ip/PLL_phase_clk_wiz_0_0/PLL_phase_clk_wiz_0_0_ooc.xdc] for cell 'inst'
Parsing XDC File [/home/eaglesat/Documents/plugsin/plugsin_PL/plugsin_PL.srcs/sources_1/bd/PLL_phase/ip/PLL_phase_clk_wiz_0_0/PLL_phase_clk_wiz_0_0_board.xdc] for cell 'inst'
Finished Parsing XDC File [/home/eaglesat/Documents/plugsin/plugsin_PL/plugsin_PL.srcs/sources_1/bd/PLL_phase/ip/PLL_phase_clk_wiz_0_0/PLL_phase_clk_wiz_0_0_board.xdc] for cell 'inst'
Parsing XDC File [/home/eaglesat/Documents/plugsin/plugsin_PL/plugsin_PL.srcs/sources_1/bd/PLL_phase/ip/PLL_phase_clk_wiz_0_0/PLL_phase_clk_wiz_0_0.xdc] for cell 'inst'
Finished Parsing XDC File [/home/eaglesat/Documents/plugsin/plugsin_PL/plugsin_PL.srcs/sources_1/bd/PLL_phase/ip/PLL_phase_clk_wiz_0_0/PLL_phase_clk_wiz_0_0.xdc] for cell 'inst'
INFO: [Project 1-236] Implementation specific constraints were found while reading constraint file [/home/eaglesat/Documents/plugsin/plugsin_PL/plugsin_PL.srcs/sources_1/bd/PLL_phase/ip/PLL_phase_clk_wiz_0_0/PLL_phase_clk_wiz_0_0.xdc]. These constraints will be ignored for synthesis but will be used in implementation. Impacted constraints are listed in the file [.Xil/PLL_phase_clk_wiz_0_0_propImpl.xdc].
Resolution: To avoid this warning, move constraints listed in [.Xil/PLL_phase_clk_wiz_0_0_propImpl.xdc] to another XDC file and exclude this new file from synthesis with the used_in_synthesis property (File Properties dialog in GUI) and re-run elaboration/synthesis.
INFO: [Timing 38-2] Deriving generated clocks
Parsing XDC File [/home/eaglesat/Documents/plugsin/plugsin_PL/plugsin_PL.runs/PLL_phase_clk_wiz_0_0_synth_1/dont_touch.xdc]
Finished Parsing XDC File [/home/eaglesat/Documents/plugsin/plugsin_PL/plugsin_PL.runs/PLL_phase_clk_wiz_0_0_synth_1/dont_touch.xdc]
Completed Processing XDC Constraints

INFO: [Project 1-111] Unisim Transformation Summary:
No Unisim elements were transformed.

Constraint Validation Runtime : Time (s): cpu = 00:00:00.01 ; elapsed = 00:00:00.01 . Memory (MB): peak = 1585.383 ; gain = 0.000 ; free physical = 123 ; free virtual = 5003
---------------------------------------------------------------------------------
Finished Constraint Validation : Time (s): cpu = 00:00:36 ; elapsed = 00:01:01 . Memory (MB): peak = 1585.383 ; gain = 373.551 ; free physical = 197 ; free virtual = 5077
---------------------------------------------------------------------------------
---------------------------------------------------------------------------------
Start Loading Part and Timing Information
---------------------------------------------------------------------------------
Loading part: xc7z020clg484-1
---------------------------------------------------------------------------------
Finished Loading Part and Timing Information : Time (s): cpu = 00:00:36 ; elapsed = 00:01:01 . Memory (MB): peak = 1585.383 ; gain = 373.551 ; free physical = 197 ; free virtual = 5077
---------------------------------------------------------------------------------
---------------------------------------------------------------------------------
Start Applying 'set_property' XDC Constraints
---------------------------------------------------------------------------------
Applied set_property DONT_TOUCH = true for inst. (constraint file  /home/eaglesat/Documents/plugsin/plugsin_PL/plugsin_PL.runs/PLL_phase_clk_wiz_0_0_synth_1/dont_touch.xdc, line 9).
---------------------------------------------------------------------------------
Finished applying 'set_property' XDC Constraints : Time (s): cpu = 00:00:36 ; elapsed = 00:01:01 . Memory (MB): peak = 1585.383 ; gain = 373.551 ; free physical = 199 ; free virtual = 5079
---------------------------------------------------------------------------------
---------------------------------------------------------------------------------
Finished RTL Optimization Phase 2 : Time (s): cpu = 00:00:36 ; elapsed = 00:01:02 . Memory (MB): peak = 1585.383 ; gain = 373.551 ; free physical = 198 ; free virtual = 5078
---------------------------------------------------------------------------------

Report RTL Partitions: 
+-+--------------+------------+----------+
| |RTL Partition |Replication |Instances |
+-+--------------+------------+----------+
+-+--------------+------------+----------+
---------------------------------------------------------------------------------
Start RTL Component Statistics 
---------------------------------------------------------------------------------
Detailed RTL Component Info : 
---------------------------------------------------------------------------------
Finished RTL Component Statistics 
---------------------------------------------------------------------------------
---------------------------------------------------------------------------------
Start RTL Hierarchical Component Statistics 
---------------------------------------------------------------------------------
Hierarchical RTL Component report 
---------------------------------------------------------------------------------
Finished RTL Hierarchical Component Statistics
---------------------------------------------------------------------------------
---------------------------------------------------------------------------------
Start Part Resource Summary
---------------------------------------------------------------------------------
Part Resources:
DSPs: 220 (col length:60)
BRAMs: 280 (col length: RAMB18 60 RAMB36 30)
---------------------------------------------------------------------------------
Finished Part Resource Summary
---------------------------------------------------------------------------------
---------------------------------------------------------------------------------
Start Cross Boundary and Area Optimization
---------------------------------------------------------------------------------
---------------------------------------------------------------------------------
Finished Cross Boundary and Area Optimization : Time (s): cpu = 00:00:36 ; elapsed = 00:01:02 . Memory (MB): peak = 1585.383 ; gain = 373.551 ; free physical = 197 ; free virtual = 5078
---------------------------------------------------------------------------------

Report RTL Partitions: 
+-+--------------+------------+----------+
| |RTL Partition |Replication |Instances |
+-+--------------+------------+----------+
+-+--------------+------------+----------+
---------------------------------------------------------------------------------
Start Applying XDC Timing Constraints
---------------------------------------------------------------------------------
---------------------------------------------------------------------------------
Finished Applying XDC Timing Constraints : Time (s): cpu = 00:00:46 ; elapsed = 00:01:15 . Memory (MB): peak = 1621.383 ; gain = 409.551 ; free physical = 127 ; free virtual = 4959
---------------------------------------------------------------------------------
---------------------------------------------------------------------------------
Start Timing Optimization
---------------------------------------------------------------------------------
---------------------------------------------------------------------------------
Finished Timing Optimization : Time (s): cpu = 00:00:46 ; elapsed = 00:01:15 . Memory (MB): peak = 1621.383 ; gain = 409.551 ; free physical = 130 ; free virtual = 4961
---------------------------------------------------------------------------------

Report RTL Partitions: 
+-+--------------+------------+----------+
| |RTL Partition |Replication |Instances |
+-+--------------+------------+----------+
+-+--------------+------------+----------+
---------------------------------------------------------------------------------
Start Technology Mapping
---------------------------------------------------------------------------------
---------------------------------------------------------------------------------
Finished Technology Mapping : Time (s): cpu = 00:00:46 ; elapsed = 00:01:16 . Memory (MB): peak = 1630.398 ; gain = 418.566 ; free physical = 128 ; free virtual = 4960
---------------------------------------------------------------------------------

Report RTL Partitions: 
+-+--------------+------------+----------+
| |RTL Partition |Replication |Instances |
+-+--------------+------------+----------+
+-+--------------+------------+----------+
---------------------------------------------------------------------------------
Start IO Insertion
---------------------------------------------------------------------------------
---------------------------------------------------------------------------------
Start Flattening Before IO Insertion
---------------------------------------------------------------------------------
---------------------------------------------------------------------------------
Finished Flattening Before IO Insertion
---------------------------------------------------------------------------------
---------------------------------------------------------------------------------
Start Final Netlist Cleanup
---------------------------------------------------------------------------------
---------------------------------------------------------------------------------
Finished Final Netlist Cleanup
---------------------------------------------------------------------------------
---------------------------------------------------------------------------------
Finished IO Insertion : Time (s): cpu = 00:00:46 ; elapsed = 00:01:16 . Memory (MB): peak = 1630.398 ; gain = 418.566 ; free physical = 128 ; free virtual = 4960
---------------------------------------------------------------------------------

Report Check Netlist: 
+------+------------------+-------+---------+-------+------------------+
|      |Item              |Errors |Warnings |Status |Description       |
+------+------------------+-------+---------+-------+------------------+
|1     |multi_driven_nets |      0|        0|Passed |Multi driven nets |
+------+------------------+-------+---------+-------+------------------+
---------------------------------------------------------------------------------
Start Renaming Generated Instances
---------------------------------------------------------------------------------
---------------------------------------------------------------------------------
Finished Renaming Generated Instances : Time (s): cpu = 00:00:46 ; elapsed = 00:01:16 . Memory (MB): peak = 1630.398 ; gain = 418.566 ; free physical = 128 ; free virtual = 4960
---------------------------------------------------------------------------------

Report RTL Partitions: 
+-+--------------+------------+----------+
| |RTL Partition |Replication |Instances |
+-+--------------+------------+----------+
+-+--------------+------------+----------+
---------------------------------------------------------------------------------
Start Rebuilding User Hierarchy
---------------------------------------------------------------------------------
---------------------------------------------------------------------------------
Finished Rebuilding User Hierarchy : Time (s): cpu = 00:00:46 ; elapsed = 00:01:16 . Memory (MB): peak = 1630.398 ; gain = 418.566 ; free physical = 128 ; free virtual = 4960
---------------------------------------------------------------------------------
---------------------------------------------------------------------------------
Start Renaming Generated Ports
---------------------------------------------------------------------------------
---------------------------------------------------------------------------------
Finished Renaming Generated Ports : Time (s): cpu = 00:00:46 ; elapsed = 00:01:16 . Memory (MB): peak = 1630.398 ; gain = 418.566 ; free physical = 128 ; free virtual = 4960
---------------------------------------------------------------------------------
---------------------------------------------------------------------------------
Start Handling Custom Attributes
---------------------------------------------------------------------------------
---------------------------------------------------------------------------------
Finished Handling Custom Attributes : Time (s): cpu = 00:00:46 ; elapsed = 00:01:16 . Memory (MB): peak = 1630.398 ; gain = 418.566 ; free physical = 128 ; free virtual = 4960
---------------------------------------------------------------------------------
---------------------------------------------------------------------------------
Start Renaming Generated Nets
---------------------------------------------------------------------------------
---------------------------------------------------------------------------------
Finished Renaming Generated Nets : Time (s): cpu = 00:00:46 ; elapsed = 00:01:16 . Memory (MB): peak = 1630.398 ; gain = 418.566 ; free physical = 128 ; free virtual = 4960
---------------------------------------------------------------------------------
---------------------------------------------------------------------------------
Start Writing Synthesis Report
---------------------------------------------------------------------------------

Report BlackBoxes: 
+-+--------------+----------+
| |BlackBox name |Instances |
+-+--------------+----------+
+-+--------------+----------+

Report Cell Usage: 
+------+----------+------+
|      |Cell      |Count |
+------+----------+------+
|1     |BUFG      |     7|
|2     |PLLE2_ADV |     1|
|3     |IBUF      |     1|
+------+----------+------+

Report Instance Areas: 
+------+---------+------------------------------+------+
|      |Instance |Module                        |Cells |
+------+---------+------------------------------+------+
|1     |top      |                              |     9|
|2     |  inst   |PLL_phase_clk_wiz_0_0_clk_wiz |     9|
+------+---------+------------------------------+------+
---------------------------------------------------------------------------------
Finished Writing Synthesis Report : Time (s): cpu = 00:00:46 ; elapsed = 00:01:16 . Memory (MB): peak = 1630.398 ; gain = 418.566 ; free physical = 128 ; free virtual = 4960
---------------------------------------------------------------------------------
Synthesis finished with 0 errors, 0 critical warnings and 0 warnings.
Synthesis Optimization Runtime : Time (s): cpu = 00:00:32 ; elapsed = 00:00:39 . Memory (MB): peak = 1630.398 ; gain = 171.543 ; free physical = 186 ; free virtual = 5018
Synthesis Optimization Complete : Time (s): cpu = 00:00:47 ; elapsed = 00:01:17 . Memory (MB): peak = 1630.406 ; gain = 418.566 ; free physical = 187 ; free virtual = 5019
INFO: [Project 1-571] Translating synthesized netlist
INFO: [Netlist 29-17] Analyzing 2 Unisim elements for replacement
INFO: [Netlist 29-28] Unisim Transformation completed in 0 CPU seconds
INFO: [Project 1-570] Preparing netlist for logic optimization
INFO: [Opt 31-138] Pushed 0 inverter(s) to 0 load pin(s).
INFO: [Project 1-111] Unisim Transformation Summary:
No Unisim elements were transformed.

INFO: [Common 17-83] Releasing license: Synthesis
25 Infos, 0 Warnings, 0 Critical Warnings and 0 Errors encountered.
synth_design completed successfully
synth_design: Time (s): cpu = 00:00:48 ; elapsed = 00:01:18 . Memory (MB): peak = 1637.398 ; gain = 450.395 ; free physical = 169 ; free virtual = 5002
INFO: [Common 17-1381] The checkpoint '/home/eaglesat/Documents/plugsin/plugsin_PL/plugsin_PL.runs/PLL_phase_clk_wiz_0_0_synth_1/PLL_phase_clk_wiz_0_0.dcp' has been generated.
