Copyright 1986-2017 Xilinx, Inc. All Rights Reserved.
---------------------------------------------------------------------------------------
| Tool Version : Vivado v.2017.4 (lin64) Build 2086221 Fri Dec 15 20:54:30 MST 2017
| Date         : Sat Mar 31 17:47:28 2018
| Host         : eaglesat-p6-2020t running 64-bit Ubuntu 16.04.4 LTS
| Command      : report_clock_utilization -file interface_clock_utilization_routed.rpt
| Design       : interface
| Device       : 7z020-clg484
| Speed File   : -1  PRODUCTION 1.11 2014-09-11
---------------------------------------------------------------------------------------

Clock Utilization Report

Table of Contents
-----------------
1. Clock Primitive Utilization
2. Global Clock Resources
3. Global Clock Source Details
4. Clock Regions: Key Resource Utilization
5. Clock Regions : Global Clock Summary
6. Device Cell Placement Summary for Global Clock g0
7. Device Cell Placement Summary for Global Clock g1
8. Device Cell Placement Summary for Global Clock g2
9. Device Cell Placement Summary for Global Clock g3
10. Device Cell Placement Summary for Global Clock g4
11. Device Cell Placement Summary for Global Clock g5
12. Device Cell Placement Summary for Global Clock g6
13. Device Cell Placement Summary for Global Clock g7
14. Device Cell Placement Summary for Global Clock g8
15. Clock Region Cell Placement per Global Clock: Region X0Y0

1. Clock Primitive Utilization
------------------------------

+----------+------+-----------+-----+--------------+--------+
| Type     | Used | Available | LOC | Clock Region | Pblock |
+----------+------+-----------+-----+--------------+--------+
| BUFGCTRL |    9 |        32 |   0 |            0 |      0 |
| BUFH     |    0 |        72 |   0 |            0 |      0 |
| BUFIO    |    0 |        16 |   0 |            0 |      0 |
| BUFMR    |    0 |         8 |   0 |            0 |      0 |
| BUFR     |    0 |        16 |   0 |            0 |      0 |
| MMCM     |    0 |         4 |   0 |            0 |      0 |
| PLL      |    1 |         4 |   0 |            0 |      0 |
+----------+------+-----------+-----+--------------+--------+


2. Global Clock Resources
-------------------------

+-----------+-----------+-----------------+------------+---------------+--------------+-------------------+-------------+-----------------+--------------+--------------------------------+---------------------------------------------------+------------------------------------------------------------------------+
| Global Id | Source Id | Driver Type/Pin | Constraint | Site          | Clock Region | Load Clock Region | Clock Loads | Non-Clock Loads | Clock Period | Clock                          | Driver Pin                                        | Net                                                                    |
+-----------+-----------+-----------------+------------+---------------+--------------+-------------------+-------------+-----------------+--------------+--------------------------------+---------------------------------------------------+------------------------------------------------------------------------+
| g0        | src0      | BUFG/O          | None       | BUFGCTRL_X0Y0 | n/a          |                 1 |          60 |               0 |              |                                | pix_clk_IBUF_BUFG_inst/O                          | pix_clk_IBUF_BUFG                                                      |
| g1        | src1      | BUFG/O          | None       | BUFGCTRL_X0Y1 | n/a          |                 1 |          24 |               0 |              |                                | train_en_IBUF_BUFG_inst/O                         | train_en_IBUF_BUFG                                                     |
| g2        | src2      | BUFG/O          | None       | BUFGCTRL_X0Y2 | n/a          |                 1 |          13 |               0 |       20.000 | clk_out1_PLL_phase_clk_wiz_0_0 | PLL_INST/PLL_phase_i/clk_wiz_0/inst/clkout1_buf/O | PLL_INST/PLL_phase_i/clk_wiz_0/inst/clk_out1                           |
| g3        | src2      | BUFG/O          | None       | BUFGCTRL_X0Y3 | n/a          |                 1 |          13 |               0 |       20.000 | clk_out2_PLL_phase_clk_wiz_0_0 | PLL_INST/PLL_phase_i/clk_wiz_0/inst/clkout2_buf/O | PLL_INST/PLL_phase_i/clk_wiz_0/inst/clk_out2                           |
| g4        | src2      | BUFG/O          | None       | BUFGCTRL_X0Y4 | n/a          |                 1 |          13 |               0 |       20.000 | clk_out3_PLL_phase_clk_wiz_0_0 | PLL_INST/PLL_phase_i/clk_wiz_0/inst/clkout3_buf/O | PLL_INST/PLL_phase_i/clk_wiz_0/inst/clk_out3                           |
| g5        | src2      | BUFG/O          | None       | BUFGCTRL_X0Y5 | n/a          |                 1 |          13 |               0 |       20.000 | clk_out4_PLL_phase_clk_wiz_0_0 | PLL_INST/PLL_phase_i/clk_wiz_0/inst/clkout4_buf/O | PLL_INST/PLL_phase_i/clk_wiz_0/inst/clk_out4                           |
| g6        | src2      | BUFG/O          | None       | BUFGCTRL_X0Y6 | n/a          |                 1 |          13 |               0 |       20.000 | clk_out5_PLL_phase_clk_wiz_0_0 | PLL_INST/PLL_phase_i/clk_wiz_0/inst/clkout5_buf/O | PLL_INST/PLL_phase_i/clk_wiz_0/inst/clk_out5                           |
| g7        | src2      | BUFG/O          | None       | BUFGCTRL_X0Y7 | n/a          |                 1 |          13 |               0 |       20.000 | clk_out6_PLL_phase_clk_wiz_0_0 | PLL_INST/PLL_phase_i/clk_wiz_0/inst/clkout6_buf/O | PLL_INST/PLL_phase_i/clk_wiz_0/inst/clk_out6                           |
| g8        | src2      | BUFG/O          | None       | BUFGCTRL_X0Y8 | n/a          |                 1 |           1 |               0 |       20.000 | clkfbout_PLL_phase_clk_wiz_0_0 | PLL_INST/PLL_phase_i/clk_wiz_0/inst/clkf_buf/O    | PLL_INST/PLL_phase_i/clk_wiz_0/inst/clkfbout_buf_PLL_phase_clk_wiz_0_0 |
+-----------+-----------+-----------------+------------+---------------+--------------+-------------------+-------------+-----------------+--------------+--------------------------------+---------------------------------------------------+------------------------------------------------------------------------+
* Clock Loads column represents the clock pin loads (pin count)
** Non-Clock Loads column represents the non-clock pin loads (pin count)


3. Global Clock Source Details
------------------------------

+-----------+-----------+--------------------+------------+----------------+--------------+-------------+-----------------+---------------------+--------------------------------+-------------------------------------------------------------+--------------------------------------------------------------------+
| Source Id | Global Id | Driver Type/Pin    | Constraint | Site           | Clock Region | Clock Loads | Non-Clock Loads | Source Clock Period | Source Clock                   | Driver Pin                                                  | Net                                                                |
+-----------+-----------+--------------------+------------+----------------+--------------+-------------+-----------------+---------------------+--------------------------------+-------------------------------------------------------------+--------------------------------------------------------------------+
| src0      | g0        | IBUF/O             | None       | IOB_X0Y28      | X0Y0         |           1 |               0 |                     |                                | pix_clk_IBUF_inst/O                                         | pix_clk_IBUF                                                       |
| src1      | g1        | IBUF/O             | None       | IOB_X0Y22      | X0Y0         |           1 |              94 |                     |                                | train_en_IBUF_inst/O                                        | train_en_IBUF                                                      |
| src2      | g2        | PLLE2_ADV/CLKOUT0  | None       | PLLE2_ADV_X0Y0 | X0Y0         |           1 |               0 |              20.000 | clk_out1_PLL_phase_clk_wiz_0_0 | PLL_INST/PLL_phase_i/clk_wiz_0/inst/plle2_adv_inst/CLKOUT0  | PLL_INST/PLL_phase_i/clk_wiz_0/inst/clk_out1_PLL_phase_clk_wiz_0_0 |
| src2      | g3        | PLLE2_ADV/CLKOUT1  | None       | PLLE2_ADV_X0Y0 | X0Y0         |           1 |               0 |              20.000 | clk_out2_PLL_phase_clk_wiz_0_0 | PLL_INST/PLL_phase_i/clk_wiz_0/inst/plle2_adv_inst/CLKOUT1  | PLL_INST/PLL_phase_i/clk_wiz_0/inst/clk_out2_PLL_phase_clk_wiz_0_0 |
| src2      | g4        | PLLE2_ADV/CLKOUT2  | None       | PLLE2_ADV_X0Y0 | X0Y0         |           1 |               0 |              20.000 | clk_out3_PLL_phase_clk_wiz_0_0 | PLL_INST/PLL_phase_i/clk_wiz_0/inst/plle2_adv_inst/CLKOUT2  | PLL_INST/PLL_phase_i/clk_wiz_0/inst/clk_out3_PLL_phase_clk_wiz_0_0 |
| src2      | g5        | PLLE2_ADV/CLKOUT3  | None       | PLLE2_ADV_X0Y0 | X0Y0         |           1 |               0 |              20.000 | clk_out4_PLL_phase_clk_wiz_0_0 | PLL_INST/PLL_phase_i/clk_wiz_0/inst/plle2_adv_inst/CLKOUT3  | PLL_INST/PLL_phase_i/clk_wiz_0/inst/clk_out4_PLL_phase_clk_wiz_0_0 |
| src2      | g6        | PLLE2_ADV/CLKOUT4  | None       | PLLE2_ADV_X0Y0 | X0Y0         |           1 |               0 |              20.000 | clk_out5_PLL_phase_clk_wiz_0_0 | PLL_INST/PLL_phase_i/clk_wiz_0/inst/plle2_adv_inst/CLKOUT4  | PLL_INST/PLL_phase_i/clk_wiz_0/inst/clk_out5_PLL_phase_clk_wiz_0_0 |
| src2      | g7        | PLLE2_ADV/CLKOUT5  | None       | PLLE2_ADV_X0Y0 | X0Y0         |           1 |               0 |              20.000 | clk_out6_PLL_phase_clk_wiz_0_0 | PLL_INST/PLL_phase_i/clk_wiz_0/inst/plle2_adv_inst/CLKOUT5  | PLL_INST/PLL_phase_i/clk_wiz_0/inst/clk_out6_PLL_phase_clk_wiz_0_0 |
| src2      | g8        | PLLE2_ADV/CLKFBOUT | None       | PLLE2_ADV_X0Y0 | X0Y0         |           1 |               0 |              20.000 | clkfbout_PLL_phase_clk_wiz_0_0 | PLL_INST/PLL_phase_i/clk_wiz_0/inst/plle2_adv_inst/CLKFBOUT | PLL_INST/PLL_phase_i/clk_wiz_0/inst/clkfbout_PLL_phase_clk_wiz_0_0 |
+-----------+-----------+--------------------+------------+----------------+--------------+-------------+-----------------+---------------------+--------------------------------+-------------------------------------------------------------+--------------------------------------------------------------------+
* Clock Loads column represents the clock pin loads (pin count)
** Non-Clock Loads column represents the non-clock pin loads (pin count)


4. Clock Regions: Key Resource Utilization
------------------------------------------

+-------------------+--------------+--------------+--------------+--------------+--------------+--------------+--------------+--------------+--------------+--------------+--------------+--------------+--------------+--------------+--------------+
|                   | Global Clock |     BUFRs    |    BUFMRs    |    BUFIOs    |     MMCM     |      PLL     |      GT      |      PCI     |    ILOGIC    |    OLOGIC    |      FF      |     LUTM     |    RAMB18    |    RAMB36    |    DSP48E2   |
+-------------------+------+-------+------+-------+------+-------+------+-------+------+-------+------+-------+------+-------+------+-------+------+-------+------+-------+------+-------+------+-------+------+-------+------+-------+------+-------+
| Clock Region Name | Used | Avail | Used | Avail | Used | Avail | Used | Avail | Used | Avail | Used | Avail | Used | Avail | Used | Avail | Used | Avail | Used | Avail | Used | Avail | Used | Avail | Used | Avail | Used | Avail | Used | Avail |
+-------------------+------+-------+------+-------+------+-------+------+-------+------+-------+------+-------+------+-------+------+-------+------+-------+------+-------+------+-------+------+-------+------+-------+------+-------+------+-------+
| X0Y0              |    9 |    12 |    0 |     4 |    0 |     2 |    0 |     4 |    0 |     1 |    1 |     1 |    0 |     0 |    0 |     0 |    0 |    50 |    0 |    50 |  138 |  2500 |   91 |  1000 |    0 |    60 |    0 |    30 |    0 |    60 |
| X1Y0              |    0 |    12 |    0 |     4 |    0 |     2 |    0 |     4 |    0 |     1 |    0 |     1 |    0 |     0 |    0 |     0 |    0 |    50 |    0 |    50 |    0 |  3200 |    0 |   850 |    0 |    60 |    0 |    30 |    0 |    40 |
| X0Y1              |    0 |    12 |    0 |     0 |    0 |     0 |    0 |     0 |    0 |     0 |    0 |     0 |    0 |     0 |    0 |     0 |    0 |     0 |    0 |     0 |    0 |  1200 |    0 |   400 |    0 |    20 |    0 |    10 |    0 |    20 |
| X1Y1              |    0 |    12 |    0 |     4 |    0 |     2 |    0 |     4 |    0 |     1 |    0 |     1 |    0 |     0 |    0 |     0 |    0 |    50 |    0 |    50 |    0 |  2600 |    0 |   850 |    0 |    60 |    0 |    30 |    0 |    40 |
| X0Y2              |    0 |    12 |    0 |     0 |    0 |     0 |    0 |     0 |    0 |     0 |    0 |     0 |    0 |     0 |    0 |     0 |    0 |     0 |    0 |     0 |    0 |  1200 |    0 |   400 |    0 |    20 |    0 |    10 |    0 |    20 |
| X1Y2              |    0 |    12 |    0 |     4 |    0 |     2 |    0 |     4 |    0 |     1 |    0 |     1 |    0 |     0 |    0 |     0 |    0 |    50 |    0 |    50 |    0 |  2600 |    0 |   850 |    0 |    60 |    0 |    30 |    0 |    40 |
+-------------------+------+-------+------+-------+------+-------+------+-------+------+-------+------+-------+------+-------+------+-------+------+-------+------+-------+------+-------+------+-------+------+-------+------+-------+------+-------+
* Global Clock column represents track count; while other columns represents cell counts


5. Clock Regions : Global Clock Summary
---------------------------------------

All Modules
+----+----+----+
|    | X0 | X1 |
+----+----+----+
| Y2 |  0 |  0 |
| Y1 |  0 |  0 |
| Y0 |  9 |  0 |
+----+----+----+


6. Device Cell Placement Summary for Global Clock g0
----------------------------------------------------

+-----------+-----------------+-------------------+-------+-------------+---------------+-------------+----------+----------------+----------+-------------------+
| Global Id | Driver Type/Pin | Driver Region (D) | Clock | Period (ns) | Waveform (ns) | Slice Loads | IO Loads | Clocking Loads | GT Loads | Net               |
+-----------+-----------------+-------------------+-------+-------------+---------------+-------------+----------+----------------+----------+-------------------+
| g0        | BUFG/O          | n/a               |       |             |               |          60 |        0 |              0 |        0 | pix_clk_IBUF_BUFG |
+-----------+-----------------+-------------------+-------+-------------+---------------+-------------+----------+----------------+----------+-------------------+
* Logic Loads column represents load cell count of all cell types other than IO, GT and clock resources
** IO Loads column represents load cell count of IO types
*** Clocking Loads column represents load cell count that are clock resources (global clock buffer, MMCM, PLL, etc)
**** GT Loads column represents load cell count of GT types


+----+-----+----+
|    | X0  | X1 |
+----+-----+----+
| Y2 |   0 |  0 |
| Y1 |   0 |  0 |
| Y0 |  60 |  0 |
+----+-----+----+


7. Device Cell Placement Summary for Global Clock g1
----------------------------------------------------

+-----------+-----------------+-------------------+-------+-------------+---------------+-------------+----------+----------------+----------+--------------------+
| Global Id | Driver Type/Pin | Driver Region (D) | Clock | Period (ns) | Waveform (ns) | Slice Loads | IO Loads | Clocking Loads | GT Loads | Net                |
+-----------+-----------------+-------------------+-------+-------------+---------------+-------------+----------+----------------+----------+--------------------+
| g1        | BUFG/O          | n/a               |       |             |               |          24 |        0 |              0 |        0 | train_en_IBUF_BUFG |
+-----------+-----------------+-------------------+-------+-------------+---------------+-------------+----------+----------------+----------+--------------------+
* Logic Loads column represents load cell count of all cell types other than IO, GT and clock resources
** IO Loads column represents load cell count of IO types
*** Clocking Loads column represents load cell count that are clock resources (global clock buffer, MMCM, PLL, etc)
**** GT Loads column represents load cell count of GT types


+----+-----+----+
|    | X0  | X1 |
+----+-----+----+
| Y2 |   0 |  0 |
| Y1 |   0 |  0 |
| Y0 |  24 |  0 |
+----+-----+----+


8. Device Cell Placement Summary for Global Clock g2
----------------------------------------------------

+-----------+-----------------+-------------------+--------------------------------+-------------+----------------+-------------+----------+----------------+----------+----------------------------------------------+
| Global Id | Driver Type/Pin | Driver Region (D) | Clock                          | Period (ns) | Waveform (ns)  | Slice Loads | IO Loads | Clocking Loads | GT Loads | Net                                          |
+-----------+-----------------+-------------------+--------------------------------+-------------+----------------+-------------+----------+----------------+----------+----------------------------------------------+
| g2        | BUFG/O          | n/a               | clk_out1_PLL_phase_clk_wiz_0_0 |      20.000 | {0.000 10.000} |          13 |        0 |              0 |        0 | PLL_INST/PLL_phase_i/clk_wiz_0/inst/clk_out1 |
+-----------+-----------------+-------------------+--------------------------------+-------------+----------------+-------------+----------+----------------+----------+----------------------------------------------+
* Logic Loads column represents load cell count of all cell types other than IO, GT and clock resources
** IO Loads column represents load cell count of IO types
*** Clocking Loads column represents load cell count that are clock resources (global clock buffer, MMCM, PLL, etc)
**** GT Loads column represents load cell count of GT types


+----+-----+----+
|    | X0  | X1 |
+----+-----+----+
| Y2 |   0 |  0 |
| Y1 |   0 |  0 |
| Y0 |  13 |  0 |
+----+-----+----+


9. Device Cell Placement Summary for Global Clock g3
----------------------------------------------------

+-----------+-----------------+-------------------+--------------------------------+-------------+----------------+-------------+----------+----------------+----------+----------------------------------------------+
| Global Id | Driver Type/Pin | Driver Region (D) | Clock                          | Period (ns) | Waveform (ns)  | Slice Loads | IO Loads | Clocking Loads | GT Loads | Net                                          |
+-----------+-----------------+-------------------+--------------------------------+-------------+----------------+-------------+----------+----------------+----------+----------------------------------------------+
| g3        | BUFG/O          | n/a               | clk_out2_PLL_phase_clk_wiz_0_0 |      20.000 | {3.333 13.333} |          13 |        0 |              0 |        0 | PLL_INST/PLL_phase_i/clk_wiz_0/inst/clk_out2 |
+-----------+-----------------+-------------------+--------------------------------+-------------+----------------+-------------+----------+----------------+----------+----------------------------------------------+
* Logic Loads column represents load cell count of all cell types other than IO, GT and clock resources
** IO Loads column represents load cell count of IO types
*** Clocking Loads column represents load cell count that are clock resources (global clock buffer, MMCM, PLL, etc)
**** GT Loads column represents load cell count of GT types


+----+-----+----+
|    | X0  | X1 |
+----+-----+----+
| Y2 |   0 |  0 |
| Y1 |   0 |  0 |
| Y0 |  13 |  0 |
+----+-----+----+


10. Device Cell Placement Summary for Global Clock g4
-----------------------------------------------------

+-----------+-----------------+-------------------+--------------------------------+-------------+----------------+-------------+----------+----------------+----------+----------------------------------------------+
| Global Id | Driver Type/Pin | Driver Region (D) | Clock                          | Period (ns) | Waveform (ns)  | Slice Loads | IO Loads | Clocking Loads | GT Loads | Net                                          |
+-----------+-----------------+-------------------+--------------------------------+-------------+----------------+-------------+----------+----------------+----------+----------------------------------------------+
| g4        | BUFG/O          | n/a               | clk_out3_PLL_phase_clk_wiz_0_0 |      20.000 | {6.667 16.667} |          13 |        0 |              0 |        0 | PLL_INST/PLL_phase_i/clk_wiz_0/inst/clk_out3 |
+-----------+-----------------+-------------------+--------------------------------+-------------+----------------+-------------+----------+----------------+----------+----------------------------------------------+
* Logic Loads column represents load cell count of all cell types other than IO, GT and clock resources
** IO Loads column represents load cell count of IO types
*** Clocking Loads column represents load cell count that are clock resources (global clock buffer, MMCM, PLL, etc)
**** GT Loads column represents load cell count of GT types


+----+-----+----+
|    | X0  | X1 |
+----+-----+----+
| Y2 |   0 |  0 |
| Y1 |   0 |  0 |
| Y0 |  13 |  0 |
+----+-----+----+


11. Device Cell Placement Summary for Global Clock g5
-----------------------------------------------------

+-----------+-----------------+-------------------+--------------------------------+-------------+-----------------+-------------+----------+----------------+----------+----------------------------------------------+
| Global Id | Driver Type/Pin | Driver Region (D) | Clock                          | Period (ns) | Waveform (ns)   | Slice Loads | IO Loads | Clocking Loads | GT Loads | Net                                          |
+-----------+-----------------+-------------------+--------------------------------+-------------+-----------------+-------------+----------+----------------+----------+----------------------------------------------+
| g5        | BUFG/O          | n/a               | clk_out4_PLL_phase_clk_wiz_0_0 |      20.000 | {10.000 20.000} |          13 |        0 |              0 |        0 | PLL_INST/PLL_phase_i/clk_wiz_0/inst/clk_out4 |
+-----------+-----------------+-------------------+--------------------------------+-------------+-----------------+-------------+----------+----------------+----------+----------------------------------------------+
* Logic Loads column represents load cell count of all cell types other than IO, GT and clock resources
** IO Loads column represents load cell count of IO types
*** Clocking Loads column represents load cell count that are clock resources (global clock buffer, MMCM, PLL, etc)
**** GT Loads column represents load cell count of GT types


+----+-----+----+
|    | X0  | X1 |
+----+-----+----+
| Y2 |   0 |  0 |
| Y1 |   0 |  0 |
| Y0 |  13 |  0 |
+----+-----+----+


12. Device Cell Placement Summary for Global Clock g6
-----------------------------------------------------

+-----------+-----------------+-------------------+--------------------------------+-------------+-----------------+-------------+----------+----------------+----------+----------------------------------------------+
| Global Id | Driver Type/Pin | Driver Region (D) | Clock                          | Period (ns) | Waveform (ns)   | Slice Loads | IO Loads | Clocking Loads | GT Loads | Net                                          |
+-----------+-----------------+-------------------+--------------------------------+-------------+-----------------+-------------+----------+----------------+----------+----------------------------------------------+
| g6        | BUFG/O          | n/a               | clk_out5_PLL_phase_clk_wiz_0_0 |      20.000 | {13.333 23.333} |          13 |        0 |              0 |        0 | PLL_INST/PLL_phase_i/clk_wiz_0/inst/clk_out5 |
+-----------+-----------------+-------------------+--------------------------------+-------------+-----------------+-------------+----------+----------------+----------+----------------------------------------------+
* Logic Loads column represents load cell count of all cell types other than IO, GT and clock resources
** IO Loads column represents load cell count of IO types
*** Clocking Loads column represents load cell count that are clock resources (global clock buffer, MMCM, PLL, etc)
**** GT Loads column represents load cell count of GT types


+----+-----+----+
|    | X0  | X1 |
+----+-----+----+
| Y2 |   0 |  0 |
| Y1 |   0 |  0 |
| Y0 |  13 |  0 |
+----+-----+----+


13. Device Cell Placement Summary for Global Clock g7
-----------------------------------------------------

+-----------+-----------------+-------------------+--------------------------------+-------------+-----------------+-------------+----------+----------------+----------+----------------------------------------------+
| Global Id | Driver Type/Pin | Driver Region (D) | Clock                          | Period (ns) | Waveform (ns)   | Slice Loads | IO Loads | Clocking Loads | GT Loads | Net                                          |
+-----------+-----------------+-------------------+--------------------------------+-------------+-----------------+-------------+----------+----------------+----------+----------------------------------------------+
| g7        | BUFG/O          | n/a               | clk_out6_PLL_phase_clk_wiz_0_0 |      20.000 | {16.667 26.667} |          13 |        0 |              0 |        0 | PLL_INST/PLL_phase_i/clk_wiz_0/inst/clk_out6 |
+-----------+-----------------+-------------------+--------------------------------+-------------+-----------------+-------------+----------+----------------+----------+----------------------------------------------+
* Logic Loads column represents load cell count of all cell types other than IO, GT and clock resources
** IO Loads column represents load cell count of IO types
*** Clocking Loads column represents load cell count that are clock resources (global clock buffer, MMCM, PLL, etc)
**** GT Loads column represents load cell count of GT types


+----+-----+----+
|    | X0  | X1 |
+----+-----+----+
| Y2 |   0 |  0 |
| Y1 |   0 |  0 |
| Y0 |  13 |  0 |
+----+-----+----+


14. Device Cell Placement Summary for Global Clock g8
-----------------------------------------------------

+-----------+-----------------+-------------------+--------------------------------+-------------+----------------+-------------+----------+----------------+----------+------------------------------------------------------------------------+
| Global Id | Driver Type/Pin | Driver Region (D) | Clock                          | Period (ns) | Waveform (ns)  | Slice Loads | IO Loads | Clocking Loads | GT Loads | Net                                                                    |
+-----------+-----------------+-------------------+--------------------------------+-------------+----------------+-------------+----------+----------------+----------+------------------------------------------------------------------------+
| g8        | BUFG/O          | n/a               | clkfbout_PLL_phase_clk_wiz_0_0 |      20.000 | {0.000 10.000} |           0 |        0 |              1 |        0 | PLL_INST/PLL_phase_i/clk_wiz_0/inst/clkfbout_buf_PLL_phase_clk_wiz_0_0 |
+-----------+-----------------+-------------------+--------------------------------+-------------+----------------+-------------+----------+----------------+----------+------------------------------------------------------------------------+
* Logic Loads column represents load cell count of all cell types other than IO, GT and clock resources
** IO Loads column represents load cell count of IO types
*** Clocking Loads column represents load cell count that are clock resources (global clock buffer, MMCM, PLL, etc)
**** GT Loads column represents load cell count of GT types


+----+----+----+
|    | X0 | X1 |
+----+----+----+
| Y2 |  0 |  0 |
| Y1 |  0 |  0 |
| Y0 |  1 |  0 |
+----+----+----+


15. Clock Region Cell Placement per Global Clock: Region X0Y0
-------------------------------------------------------------

+-----------+-------+-----------------+------------+-------------+-----------------+----+--------+------+-----+----+------+-----+---------+------------------------------------------------------------------------+
| Global Id | Track | Driver Type/Pin | Constraint | Clock Loads | Non-Clock Loads | FF | LUTRAM | RAMB | DSP | GT | MMCM | PLL | Hard IP | Net                                                                    |
+-----------+-------+-----------------+------------+-------------+-----------------+----+--------+------+-----+----+------+-----+---------+------------------------------------------------------------------------+
| g0        | n/a   | BUFG/O          | None       |          60 |               0 | 60 |      0 |    0 |   0 |  0 |    0 |   0 |       0 | pix_clk_IBUF_BUFG                                                      |
| g1        | n/a   | BUFG/O          | None       |          24 |               0 |  0 |      0 |    0 |   0 |  0 |    0 |   0 |       0 | train_en_IBUF_BUFG                                                     |
| g2        | n/a   | BUFG/O          | None       |          13 |               0 | 13 |      0 |    0 |   0 |  0 |    0 |   0 |       0 | PLL_INST/PLL_phase_i/clk_wiz_0/inst/clk_out1                           |
| g3        | n/a   | BUFG/O          | None       |          13 |               0 | 13 |      0 |    0 |   0 |  0 |    0 |   0 |       0 | PLL_INST/PLL_phase_i/clk_wiz_0/inst/clk_out2                           |
| g4        | n/a   | BUFG/O          | None       |          13 |               0 | 13 |      0 |    0 |   0 |  0 |    0 |   0 |       0 | PLL_INST/PLL_phase_i/clk_wiz_0/inst/clk_out3                           |
| g5        | n/a   | BUFG/O          | None       |          13 |               0 | 13 |      0 |    0 |   0 |  0 |    0 |   0 |       0 | PLL_INST/PLL_phase_i/clk_wiz_0/inst/clk_out4                           |
| g6        | n/a   | BUFG/O          | None       |          13 |               0 | 13 |      0 |    0 |   0 |  0 |    0 |   0 |       0 | PLL_INST/PLL_phase_i/clk_wiz_0/inst/clk_out5                           |
| g7        | n/a   | BUFG/O          | None       |          13 |               0 | 13 |      0 |    0 |   0 |  0 |    0 |   0 |       0 | PLL_INST/PLL_phase_i/clk_wiz_0/inst/clk_out6                           |
| g8        | n/a   | BUFG/O          | None       |           1 |               0 |  0 |      0 |    0 |   0 |  0 |    0 |   1 |       0 | PLL_INST/PLL_phase_i/clk_wiz_0/inst/clkfbout_buf_PLL_phase_clk_wiz_0_0 |
+-----------+-------+-----------------+------------+-------------+-----------------+----+--------+------+-----+----+------+-----+---------+------------------------------------------------------------------------+
* Clock Loads column represents the clock pin loads (pin count)
** Non-Clock Loads column represents the non-clock pin loads (pin count)
*** Columns FF, LUTRAM, RAMB through 'Hard IP' represents load cell counts



# Location of BUFG Primitives 
set_property LOC BUFGCTRL_X0Y1 [get_cells train_en_IBUF_BUFG_inst]
set_property LOC BUFGCTRL_X0Y0 [get_cells pix_clk_IBUF_BUFG_inst]
set_property LOC BUFGCTRL_X0Y8 [get_cells PLL_INST/PLL_phase_i/clk_wiz_0/inst/clkf_buf]
set_property LOC BUFGCTRL_X0Y7 [get_cells PLL_INST/PLL_phase_i/clk_wiz_0/inst/clkout6_buf]
set_property LOC BUFGCTRL_X0Y6 [get_cells PLL_INST/PLL_phase_i/clk_wiz_0/inst/clkout5_buf]
set_property LOC BUFGCTRL_X0Y5 [get_cells PLL_INST/PLL_phase_i/clk_wiz_0/inst/clkout4_buf]
set_property LOC BUFGCTRL_X0Y4 [get_cells PLL_INST/PLL_phase_i/clk_wiz_0/inst/clkout3_buf]
set_property LOC BUFGCTRL_X0Y3 [get_cells PLL_INST/PLL_phase_i/clk_wiz_0/inst/clkout2_buf]
set_property LOC BUFGCTRL_X0Y2 [get_cells PLL_INST/PLL_phase_i/clk_wiz_0/inst/clkout1_buf]

# Location of IO Primitives which is load of clock spine

# Location of clock ports
set_property LOC IOB_X0Y26 [get_ports clk]
set_property LOC IOB_X0Y28 [get_ports pix_clk]
set_property LOC IOB_X0Y22 [get_ports train_en]

# Clock net "train_en_IBUF_BUFG" driven by instance "train_en_IBUF_BUFG_inst" located at site "BUFGCTRL_X0Y1"
#startgroup
create_pblock {CLKAG_train_en_IBUF_BUFG}
add_cells_to_pblock [get_pblocks  {CLKAG_train_en_IBUF_BUFG}] [get_cells -filter { PRIMITIVE_GROUP != I/O && IS_PRIMITIVE==1 && PRIMITIVE_LEVEL !=INTERNAL } -of_object [get_pins -filter {DIRECTION==IN} -of_objects [get_nets -hierarchical -filter {PARENT=="train_en_IBUF_BUFG"}]]]
resize_pblock [get_pblocks {CLKAG_train_en_IBUF_BUFG}] -add {CLOCKREGION_X0Y0:CLOCKREGION_X0Y0}
#endgroup

# Clock net "pix_clk_IBUF_BUFG" driven by instance "pix_clk_IBUF_BUFG_inst" located at site "BUFGCTRL_X0Y0"
#startgroup
create_pblock {CLKAG_pix_clk_IBUF_BUFG}
add_cells_to_pblock [get_pblocks  {CLKAG_pix_clk_IBUF_BUFG}] [get_cells -filter { PRIMITIVE_GROUP != I/O && IS_PRIMITIVE==1 && PRIMITIVE_LEVEL !=INTERNAL } -of_object [get_pins -filter {DIRECTION==IN} -of_objects [get_nets -hierarchical -filter {PARENT=="pix_clk_IBUF_BUFG"}]]]
resize_pblock [get_pblocks {CLKAG_pix_clk_IBUF_BUFG}] -add {CLOCKREGION_X0Y0:CLOCKREGION_X0Y0}
#endgroup

# Clock net "PLL_INST/PLL_phase_i/clk_wiz_0/inst/clk_out6" driven by instance "PLL_INST/PLL_phase_i/clk_wiz_0/inst/clkout6_buf" located at site "BUFGCTRL_X0Y7"
#startgroup
create_pblock {CLKAG_PLL_INST/PLL_phase_i/clk_wiz_0/inst/clk_out6}
add_cells_to_pblock [get_pblocks  {CLKAG_PLL_INST/PLL_phase_i/clk_wiz_0/inst/clk_out6}] [get_cells -filter { PRIMITIVE_GROUP != I/O && IS_PRIMITIVE==1 && PRIMITIVE_LEVEL !=INTERNAL } -of_object [get_pins -filter {DIRECTION==IN} -of_objects [get_nets -hierarchical -filter {PARENT=="PLL_INST/PLL_phase_i/clk_wiz_0/inst/clk_out6"}]]]
resize_pblock [get_pblocks {CLKAG_PLL_INST/PLL_phase_i/clk_wiz_0/inst/clk_out6}] -add {CLOCKREGION_X0Y0:CLOCKREGION_X0Y0}
#endgroup

# Clock net "PLL_INST/PLL_phase_i/clk_wiz_0/inst/clk_out5" driven by instance "PLL_INST/PLL_phase_i/clk_wiz_0/inst/clkout5_buf" located at site "BUFGCTRL_X0Y6"
#startgroup
create_pblock {CLKAG_PLL_INST/PLL_phase_i/clk_wiz_0/inst/clk_out5}
add_cells_to_pblock [get_pblocks  {CLKAG_PLL_INST/PLL_phase_i/clk_wiz_0/inst/clk_out5}] [get_cells -filter { PRIMITIVE_GROUP != I/O && IS_PRIMITIVE==1 && PRIMITIVE_LEVEL !=INTERNAL } -of_object [get_pins -filter {DIRECTION==IN} -of_objects [get_nets -hierarchical -filter {PARENT=="PLL_INST/PLL_phase_i/clk_wiz_0/inst/clk_out5"}]]]
resize_pblock [get_pblocks {CLKAG_PLL_INST/PLL_phase_i/clk_wiz_0/inst/clk_out5}] -add {CLOCKREGION_X0Y0:CLOCKREGION_X0Y0}
#endgroup

# Clock net "PLL_INST/PLL_phase_i/clk_wiz_0/inst/clk_out4" driven by instance "PLL_INST/PLL_phase_i/clk_wiz_0/inst/clkout4_buf" located at site "BUFGCTRL_X0Y5"
#startgroup
create_pblock {CLKAG_PLL_INST/PLL_phase_i/clk_wiz_0/inst/clk_out4}
add_cells_to_pblock [get_pblocks  {CLKAG_PLL_INST/PLL_phase_i/clk_wiz_0/inst/clk_out4}] [get_cells -filter { PRIMITIVE_GROUP != I/O && IS_PRIMITIVE==1 && PRIMITIVE_LEVEL !=INTERNAL } -of_object [get_pins -filter {DIRECTION==IN} -of_objects [get_nets -hierarchical -filter {PARENT=="PLL_INST/PLL_phase_i/clk_wiz_0/inst/clk_out4"}]]]
resize_pblock [get_pblocks {CLKAG_PLL_INST/PLL_phase_i/clk_wiz_0/inst/clk_out4}] -add {CLOCKREGION_X0Y0:CLOCKREGION_X0Y0}
#endgroup

# Clock net "PLL_INST/PLL_phase_i/clk_wiz_0/inst/clk_out3" driven by instance "PLL_INST/PLL_phase_i/clk_wiz_0/inst/clkout3_buf" located at site "BUFGCTRL_X0Y4"
#startgroup
create_pblock {CLKAG_PLL_INST/PLL_phase_i/clk_wiz_0/inst/clk_out3}
add_cells_to_pblock [get_pblocks  {CLKAG_PLL_INST/PLL_phase_i/clk_wiz_0/inst/clk_out3}] [get_cells -filter { PRIMITIVE_GROUP != I/O && IS_PRIMITIVE==1 && PRIMITIVE_LEVEL !=INTERNAL } -of_object [get_pins -filter {DIRECTION==IN} -of_objects [get_nets -hierarchical -filter {PARENT=="PLL_INST/PLL_phase_i/clk_wiz_0/inst/clk_out3"}]]]
resize_pblock [get_pblocks {CLKAG_PLL_INST/PLL_phase_i/clk_wiz_0/inst/clk_out3}] -add {CLOCKREGION_X0Y0:CLOCKREGION_X0Y0}
#endgroup

# Clock net "PLL_INST/PLL_phase_i/clk_wiz_0/inst/clk_out2" driven by instance "PLL_INST/PLL_phase_i/clk_wiz_0/inst/clkout2_buf" located at site "BUFGCTRL_X0Y3"
#startgroup
create_pblock {CLKAG_PLL_INST/PLL_phase_i/clk_wiz_0/inst/clk_out2}
add_cells_to_pblock [get_pblocks  {CLKAG_PLL_INST/PLL_phase_i/clk_wiz_0/inst/clk_out2}] [get_cells -filter { PRIMITIVE_GROUP != I/O && IS_PRIMITIVE==1 && PRIMITIVE_LEVEL !=INTERNAL } -of_object [get_pins -filter {DIRECTION==IN} -of_objects [get_nets -hierarchical -filter {PARENT=="PLL_INST/PLL_phase_i/clk_wiz_0/inst/clk_out2"}]]]
resize_pblock [get_pblocks {CLKAG_PLL_INST/PLL_phase_i/clk_wiz_0/inst/clk_out2}] -add {CLOCKREGION_X0Y0:CLOCKREGION_X0Y0}
#endgroup

# Clock net "PLL_INST/PLL_phase_i/clk_wiz_0/inst/clk_out1" driven by instance "PLL_INST/PLL_phase_i/clk_wiz_0/inst/clkout1_buf" located at site "BUFGCTRL_X0Y2"
#startgroup
create_pblock {CLKAG_PLL_INST/PLL_phase_i/clk_wiz_0/inst/clk_out1}
add_cells_to_pblock [get_pblocks  {CLKAG_PLL_INST/PLL_phase_i/clk_wiz_0/inst/clk_out1}] [get_cells -filter { PRIMITIVE_GROUP != I/O && IS_PRIMITIVE==1 && PRIMITIVE_LEVEL !=INTERNAL } -of_object [get_pins -filter {DIRECTION==IN} -of_objects [get_nets -hierarchical -filter {PARENT=="PLL_INST/PLL_phase_i/clk_wiz_0/inst/clk_out1"}]]]
resize_pblock [get_pblocks {CLKAG_PLL_INST/PLL_phase_i/clk_wiz_0/inst/clk_out1}] -add {CLOCKREGION_X0Y0:CLOCKREGION_X0Y0}
#endgroup
