Copyright 1986-2017 Xilinx, Inc. All Rights Reserved.
-----------------------------------------------------------------------------------------------------------------------------------------------------------------
| Tool Version : Vivado v.2017.4 (lin64) Build 2086221 Fri Dec 15 20:54:30 MST 2017
| Date         : Sat Mar 31 17:47:24 2018
| Host         : eaglesat-p6-2020t running 64-bit Ubuntu 16.04.4 LTS
| Command      : report_methodology -file interface_methodology_drc_routed.rpt -pb interface_methodology_drc_routed.pb -rpx interface_methodology_drc_routed.rpx
| Design       : interface
| Device       : xc7z020clg484-1
| Speed File   : -1
| Design State : Routed
-----------------------------------------------------------------------------------------------------------------------------------------------------------------

Report Methodology

Table of Contents
-----------------
1. REPORT SUMMARY
2. REPORT DETAILS

1. REPORT SUMMARY
-----------------
            Netlist: netlist
          Floorplan: design_1
      Design limits: <entire design considered>
             Max violations: <unlimited>
             Violations found: 91
+-----------+----------+-------------------------------+------------+
| Rule      | Severity | Description                   | Violations |
+-----------+----------+-------------------------------+------------+
| TIMING-17 | Warning  | Non-clocked sequential cell   | 60         |
| TIMING-18 | Warning  | Missing input or output delay | 1          |
| TIMING-20 | Warning  | Non-clocked latch             | 30         |
+-----------+----------+-------------------------------+------------+

2. REPORT DETAILS
-----------------
TIMING-17#1 Warning
Non-clocked sequential cell  
The clock pin SHIFT6x10[0].SHIFT_GEN/Q_reg[0]/C is not reached by a timing clock
Related violations: <none>

TIMING-17#2 Warning
Non-clocked sequential cell  
The clock pin SHIFT6x10[0].SHIFT_GEN/Q_reg[1]/C is not reached by a timing clock
Related violations: <none>

TIMING-17#3 Warning
Non-clocked sequential cell  
The clock pin SHIFT6x10[0].SHIFT_GEN/Q_reg[2]/C is not reached by a timing clock
Related violations: <none>

TIMING-17#4 Warning
Non-clocked sequential cell  
The clock pin SHIFT6x10[0].SHIFT_GEN/Q_reg[3]/C is not reached by a timing clock
Related violations: <none>

TIMING-17#5 Warning
Non-clocked sequential cell  
The clock pin SHIFT6x10[0].SHIFT_GEN/Q_reg[4]/C is not reached by a timing clock
Related violations: <none>

TIMING-17#6 Warning
Non-clocked sequential cell  
The clock pin SHIFT6x10[0].SHIFT_GEN/Q_reg[5]/C is not reached by a timing clock
Related violations: <none>

TIMING-17#7 Warning
Non-clocked sequential cell  
The clock pin SHIFT6x10[0].SHIFT_GEN/Q_reg[6]/C is not reached by a timing clock
Related violations: <none>

TIMING-17#8 Warning
Non-clocked sequential cell  
The clock pin SHIFT6x10[0].SHIFT_GEN/Q_reg[7]/C is not reached by a timing clock
Related violations: <none>

TIMING-17#9 Warning
Non-clocked sequential cell  
The clock pin SHIFT6x10[0].SHIFT_GEN/Q_reg[8]/C is not reached by a timing clock
Related violations: <none>

TIMING-17#10 Warning
Non-clocked sequential cell  
The clock pin SHIFT6x10[0].SHIFT_GEN/Q_reg[9]/C is not reached by a timing clock
Related violations: <none>

TIMING-17#11 Warning
Non-clocked sequential cell  
The clock pin SHIFT6x10[1].SHIFT_GEN/Q_reg[0]/C is not reached by a timing clock
Related violations: <none>

TIMING-17#12 Warning
Non-clocked sequential cell  
The clock pin SHIFT6x10[1].SHIFT_GEN/Q_reg[1]/C is not reached by a timing clock
Related violations: <none>

TIMING-17#13 Warning
Non-clocked sequential cell  
The clock pin SHIFT6x10[1].SHIFT_GEN/Q_reg[2]/C is not reached by a timing clock
Related violations: <none>

TIMING-17#14 Warning
Non-clocked sequential cell  
The clock pin SHIFT6x10[1].SHIFT_GEN/Q_reg[3]/C is not reached by a timing clock
Related violations: <none>

TIMING-17#15 Warning
Non-clocked sequential cell  
The clock pin SHIFT6x10[1].SHIFT_GEN/Q_reg[4]/C is not reached by a timing clock
Related violations: <none>

TIMING-17#16 Warning
Non-clocked sequential cell  
The clock pin SHIFT6x10[1].SHIFT_GEN/Q_reg[5]/C is not reached by a timing clock
Related violations: <none>

TIMING-17#17 Warning
Non-clocked sequential cell  
The clock pin SHIFT6x10[1].SHIFT_GEN/Q_reg[6]/C is not reached by a timing clock
Related violations: <none>

TIMING-17#18 Warning
Non-clocked sequential cell  
The clock pin SHIFT6x10[1].SHIFT_GEN/Q_reg[7]/C is not reached by a timing clock
Related violations: <none>

TIMING-17#19 Warning
Non-clocked sequential cell  
The clock pin SHIFT6x10[1].SHIFT_GEN/Q_reg[8]/C is not reached by a timing clock
Related violations: <none>

TIMING-17#20 Warning
Non-clocked sequential cell  
The clock pin SHIFT6x10[1].SHIFT_GEN/Q_reg[9]/C is not reached by a timing clock
Related violations: <none>

TIMING-17#21 Warning
Non-clocked sequential cell  
The clock pin SHIFT6x10[2].SHIFT_GEN/Q_reg[0]/C is not reached by a timing clock
Related violations: <none>

TIMING-17#22 Warning
Non-clocked sequential cell  
The clock pin SHIFT6x10[2].SHIFT_GEN/Q_reg[1]/C is not reached by a timing clock
Related violations: <none>

TIMING-17#23 Warning
Non-clocked sequential cell  
The clock pin SHIFT6x10[2].SHIFT_GEN/Q_reg[2]/C is not reached by a timing clock
Related violations: <none>

TIMING-17#24 Warning
Non-clocked sequential cell  
The clock pin SHIFT6x10[2].SHIFT_GEN/Q_reg[3]/C is not reached by a timing clock
Related violations: <none>

TIMING-17#25 Warning
Non-clocked sequential cell  
The clock pin SHIFT6x10[2].SHIFT_GEN/Q_reg[4]/C is not reached by a timing clock
Related violations: <none>

TIMING-17#26 Warning
Non-clocked sequential cell  
The clock pin SHIFT6x10[2].SHIFT_GEN/Q_reg[5]/C is not reached by a timing clock
Related violations: <none>

TIMING-17#27 Warning
Non-clocked sequential cell  
The clock pin SHIFT6x10[2].SHIFT_GEN/Q_reg[6]/C is not reached by a timing clock
Related violations: <none>

TIMING-17#28 Warning
Non-clocked sequential cell  
The clock pin SHIFT6x10[2].SHIFT_GEN/Q_reg[7]/C is not reached by a timing clock
Related violations: <none>

TIMING-17#29 Warning
Non-clocked sequential cell  
The clock pin SHIFT6x10[2].SHIFT_GEN/Q_reg[8]/C is not reached by a timing clock
Related violations: <none>

TIMING-17#30 Warning
Non-clocked sequential cell  
The clock pin SHIFT6x10[2].SHIFT_GEN/Q_reg[9]/C is not reached by a timing clock
Related violations: <none>

TIMING-17#31 Warning
Non-clocked sequential cell  
The clock pin SHIFT6x10[3].SHIFT_GEN/Q_reg[0]/C is not reached by a timing clock
Related violations: <none>

TIMING-17#32 Warning
Non-clocked sequential cell  
The clock pin SHIFT6x10[3].SHIFT_GEN/Q_reg[1]/C is not reached by a timing clock
Related violations: <none>

TIMING-17#33 Warning
Non-clocked sequential cell  
The clock pin SHIFT6x10[3].SHIFT_GEN/Q_reg[2]/C is not reached by a timing clock
Related violations: <none>

TIMING-17#34 Warning
Non-clocked sequential cell  
The clock pin SHIFT6x10[3].SHIFT_GEN/Q_reg[3]/C is not reached by a timing clock
Related violations: <none>

TIMING-17#35 Warning
Non-clocked sequential cell  
The clock pin SHIFT6x10[3].SHIFT_GEN/Q_reg[4]/C is not reached by a timing clock
Related violations: <none>

TIMING-17#36 Warning
Non-clocked sequential cell  
The clock pin SHIFT6x10[3].SHIFT_GEN/Q_reg[5]/C is not reached by a timing clock
Related violations: <none>

TIMING-17#37 Warning
Non-clocked sequential cell  
The clock pin SHIFT6x10[3].SHIFT_GEN/Q_reg[6]/C is not reached by a timing clock
Related violations: <none>

TIMING-17#38 Warning
Non-clocked sequential cell  
The clock pin SHIFT6x10[3].SHIFT_GEN/Q_reg[7]/C is not reached by a timing clock
Related violations: <none>

TIMING-17#39 Warning
Non-clocked sequential cell  
The clock pin SHIFT6x10[3].SHIFT_GEN/Q_reg[8]/C is not reached by a timing clock
Related violations: <none>

TIMING-17#40 Warning
Non-clocked sequential cell  
The clock pin SHIFT6x10[3].SHIFT_GEN/Q_reg[9]/C is not reached by a timing clock
Related violations: <none>

TIMING-17#41 Warning
Non-clocked sequential cell  
The clock pin SHIFT6x10[4].SHIFT_GEN/Q_reg[0]/C is not reached by a timing clock
Related violations: <none>

TIMING-17#42 Warning
Non-clocked sequential cell  
The clock pin SHIFT6x10[4].SHIFT_GEN/Q_reg[1]/C is not reached by a timing clock
Related violations: <none>

TIMING-17#43 Warning
Non-clocked sequential cell  
The clock pin SHIFT6x10[4].SHIFT_GEN/Q_reg[2]/C is not reached by a timing clock
Related violations: <none>

TIMING-17#44 Warning
Non-clocked sequential cell  
The clock pin SHIFT6x10[4].SHIFT_GEN/Q_reg[3]/C is not reached by a timing clock
Related violations: <none>

TIMING-17#45 Warning
Non-clocked sequential cell  
The clock pin SHIFT6x10[4].SHIFT_GEN/Q_reg[4]/C is not reached by a timing clock
Related violations: <none>

TIMING-17#46 Warning
Non-clocked sequential cell  
The clock pin SHIFT6x10[4].SHIFT_GEN/Q_reg[5]/C is not reached by a timing clock
Related violations: <none>

TIMING-17#47 Warning
Non-clocked sequential cell  
The clock pin SHIFT6x10[4].SHIFT_GEN/Q_reg[6]/C is not reached by a timing clock
Related violations: <none>

TIMING-17#48 Warning
Non-clocked sequential cell  
The clock pin SHIFT6x10[4].SHIFT_GEN/Q_reg[7]/C is not reached by a timing clock
Related violations: <none>

TIMING-17#49 Warning
Non-clocked sequential cell  
The clock pin SHIFT6x10[4].SHIFT_GEN/Q_reg[8]/C is not reached by a timing clock
Related violations: <none>

TIMING-17#50 Warning
Non-clocked sequential cell  
The clock pin SHIFT6x10[4].SHIFT_GEN/Q_reg[9]/C is not reached by a timing clock
Related violations: <none>

TIMING-17#51 Warning
Non-clocked sequential cell  
The clock pin SHIFT6x10[5].SHIFT_GEN/Q_reg[0]/C is not reached by a timing clock
Related violations: <none>

TIMING-17#52 Warning
Non-clocked sequential cell  
The clock pin SHIFT6x10[5].SHIFT_GEN/Q_reg[1]/C is not reached by a timing clock
Related violations: <none>

TIMING-17#53 Warning
Non-clocked sequential cell  
The clock pin SHIFT6x10[5].SHIFT_GEN/Q_reg[2]/C is not reached by a timing clock
Related violations: <none>

TIMING-17#54 Warning
Non-clocked sequential cell  
The clock pin SHIFT6x10[5].SHIFT_GEN/Q_reg[3]/C is not reached by a timing clock
Related violations: <none>

TIMING-17#55 Warning
Non-clocked sequential cell  
The clock pin SHIFT6x10[5].SHIFT_GEN/Q_reg[4]/C is not reached by a timing clock
Related violations: <none>

TIMING-17#56 Warning
Non-clocked sequential cell  
The clock pin SHIFT6x10[5].SHIFT_GEN/Q_reg[5]/C is not reached by a timing clock
Related violations: <none>

TIMING-17#57 Warning
Non-clocked sequential cell  
The clock pin SHIFT6x10[5].SHIFT_GEN/Q_reg[6]/C is not reached by a timing clock
Related violations: <none>

TIMING-17#58 Warning
Non-clocked sequential cell  
The clock pin SHIFT6x10[5].SHIFT_GEN/Q_reg[7]/C is not reached by a timing clock
Related violations: <none>

TIMING-17#59 Warning
Non-clocked sequential cell  
The clock pin SHIFT6x10[5].SHIFT_GEN/Q_reg[8]/C is not reached by a timing clock
Related violations: <none>

TIMING-17#60 Warning
Non-clocked sequential cell  
The clock pin SHIFT6x10[5].SHIFT_GEN/Q_reg[9]/C is not reached by a timing clock
Related violations: <none>

TIMING-18#1 Warning
Missing input or output delay  
An input delay is missing on D relative to clock(s) clk
Related violations: <none>

TIMING-20#1 Warning
Non-clocked latch  
The latch COMPARE[0].SHIFT_COMPARE/int_count_reg[0] cannot be properly analyzed as its control pin COMPARE[0].SHIFT_COMPARE/int_count_reg[0]/G is not reached by a timing clock
Related violations: <none>

TIMING-20#2 Warning
Non-clocked latch  
The latch COMPARE[0].SHIFT_COMPARE/int_count_reg[1] cannot be properly analyzed as its control pin COMPARE[0].SHIFT_COMPARE/int_count_reg[1]/G is not reached by a timing clock
Related violations: <none>

TIMING-20#3 Warning
Non-clocked latch  
The latch COMPARE[0].SHIFT_COMPARE/int_count_reg[2] cannot be properly analyzed as its control pin COMPARE[0].SHIFT_COMPARE/int_count_reg[2]/G is not reached by a timing clock
Related violations: <none>

TIMING-20#4 Warning
Non-clocked latch  
The latch COMPARE[0].SHIFT_COMPARE/int_count_reg[3] cannot be properly analyzed as its control pin COMPARE[0].SHIFT_COMPARE/int_count_reg[3]/G is not reached by a timing clock
Related violations: <none>

TIMING-20#5 Warning
Non-clocked latch  
The latch COMPARE[1].SHIFT_COMPARE/int_count_reg[0] cannot be properly analyzed as its control pin COMPARE[1].SHIFT_COMPARE/int_count_reg[0]/G is not reached by a timing clock
Related violations: <none>

TIMING-20#6 Warning
Non-clocked latch  
The latch COMPARE[1].SHIFT_COMPARE/int_count_reg[1] cannot be properly analyzed as its control pin COMPARE[1].SHIFT_COMPARE/int_count_reg[1]/G is not reached by a timing clock
Related violations: <none>

TIMING-20#7 Warning
Non-clocked latch  
The latch COMPARE[1].SHIFT_COMPARE/int_count_reg[2] cannot be properly analyzed as its control pin COMPARE[1].SHIFT_COMPARE/int_count_reg[2]/G is not reached by a timing clock
Related violations: <none>

TIMING-20#8 Warning
Non-clocked latch  
The latch COMPARE[1].SHIFT_COMPARE/int_count_reg[3] cannot be properly analyzed as its control pin COMPARE[1].SHIFT_COMPARE/int_count_reg[3]/G is not reached by a timing clock
Related violations: <none>

TIMING-20#9 Warning
Non-clocked latch  
The latch COMPARE[2].SHIFT_COMPARE/int_count_reg[0] cannot be properly analyzed as its control pin COMPARE[2].SHIFT_COMPARE/int_count_reg[0]/G is not reached by a timing clock
Related violations: <none>

TIMING-20#10 Warning
Non-clocked latch  
The latch COMPARE[2].SHIFT_COMPARE/int_count_reg[1] cannot be properly analyzed as its control pin COMPARE[2].SHIFT_COMPARE/int_count_reg[1]/G is not reached by a timing clock
Related violations: <none>

TIMING-20#11 Warning
Non-clocked latch  
The latch COMPARE[2].SHIFT_COMPARE/int_count_reg[2] cannot be properly analyzed as its control pin COMPARE[2].SHIFT_COMPARE/int_count_reg[2]/G is not reached by a timing clock
Related violations: <none>

TIMING-20#12 Warning
Non-clocked latch  
The latch COMPARE[2].SHIFT_COMPARE/int_count_reg[3] cannot be properly analyzed as its control pin COMPARE[2].SHIFT_COMPARE/int_count_reg[3]/G is not reached by a timing clock
Related violations: <none>

TIMING-20#13 Warning
Non-clocked latch  
The latch COMPARE[3].SHIFT_COMPARE/int_count_reg[0] cannot be properly analyzed as its control pin COMPARE[3].SHIFT_COMPARE/int_count_reg[0]/G is not reached by a timing clock
Related violations: <none>

TIMING-20#14 Warning
Non-clocked latch  
The latch COMPARE[3].SHIFT_COMPARE/int_count_reg[1] cannot be properly analyzed as its control pin COMPARE[3].SHIFT_COMPARE/int_count_reg[1]/G is not reached by a timing clock
Related violations: <none>

TIMING-20#15 Warning
Non-clocked latch  
The latch COMPARE[3].SHIFT_COMPARE/int_count_reg[2] cannot be properly analyzed as its control pin COMPARE[3].SHIFT_COMPARE/int_count_reg[2]/G is not reached by a timing clock
Related violations: <none>

TIMING-20#16 Warning
Non-clocked latch  
The latch COMPARE[3].SHIFT_COMPARE/int_count_reg[3] cannot be properly analyzed as its control pin COMPARE[3].SHIFT_COMPARE/int_count_reg[3]/G is not reached by a timing clock
Related violations: <none>

TIMING-20#17 Warning
Non-clocked latch  
The latch COMPARE[4].SHIFT_COMPARE/int_count_reg[0] cannot be properly analyzed as its control pin COMPARE[4].SHIFT_COMPARE/int_count_reg[0]/G is not reached by a timing clock
Related violations: <none>

TIMING-20#18 Warning
Non-clocked latch  
The latch COMPARE[4].SHIFT_COMPARE/int_count_reg[1] cannot be properly analyzed as its control pin COMPARE[4].SHIFT_COMPARE/int_count_reg[1]/G is not reached by a timing clock
Related violations: <none>

TIMING-20#19 Warning
Non-clocked latch  
The latch COMPARE[4].SHIFT_COMPARE/int_count_reg[2] cannot be properly analyzed as its control pin COMPARE[4].SHIFT_COMPARE/int_count_reg[2]/G is not reached by a timing clock
Related violations: <none>

TIMING-20#20 Warning
Non-clocked latch  
The latch COMPARE[4].SHIFT_COMPARE/int_count_reg[3] cannot be properly analyzed as its control pin COMPARE[4].SHIFT_COMPARE/int_count_reg[3]/G is not reached by a timing clock
Related violations: <none>

TIMING-20#21 Warning
Non-clocked latch  
The latch COMPARE[5].SHIFT_COMPARE/int_count_reg[0] cannot be properly analyzed as its control pin COMPARE[5].SHIFT_COMPARE/int_count_reg[0]/G is not reached by a timing clock
Related violations: <none>

TIMING-20#22 Warning
Non-clocked latch  
The latch COMPARE[5].SHIFT_COMPARE/int_count_reg[1] cannot be properly analyzed as its control pin COMPARE[5].SHIFT_COMPARE/int_count_reg[1]/G is not reached by a timing clock
Related violations: <none>

TIMING-20#23 Warning
Non-clocked latch  
The latch COMPARE[5].SHIFT_COMPARE/int_count_reg[2] cannot be properly analyzed as its control pin COMPARE[5].SHIFT_COMPARE/int_count_reg[2]/G is not reached by a timing clock
Related violations: <none>

TIMING-20#24 Warning
Non-clocked latch  
The latch COMPARE[5].SHIFT_COMPARE/int_count_reg[3] cannot be properly analyzed as its control pin COMPARE[5].SHIFT_COMPARE/int_count_reg[3]/G is not reached by a timing clock
Related violations: <none>

TIMING-20#25 Warning
Non-clocked latch  
The latch end_choice_reg[0] cannot be properly analyzed as its control pin end_choice_reg[0]/G is not reached by a timing clock
Related violations: <none>

TIMING-20#26 Warning
Non-clocked latch  
The latch end_choice_reg[1] cannot be properly analyzed as its control pin end_choice_reg[1]/G is not reached by a timing clock
Related violations: <none>

TIMING-20#27 Warning
Non-clocked latch  
The latch end_choice_reg[2] cannot be properly analyzed as its control pin end_choice_reg[2]/G is not reached by a timing clock
Related violations: <none>

TIMING-20#28 Warning
Non-clocked latch  
The latch start_choice_reg[0] cannot be properly analyzed as its control pin start_choice_reg[0]/G is not reached by a timing clock
Related violations: <none>

TIMING-20#29 Warning
Non-clocked latch  
The latch start_choice_reg[1] cannot be properly analyzed as its control pin start_choice_reg[1]/G is not reached by a timing clock
Related violations: <none>

TIMING-20#30 Warning
Non-clocked latch  
The latch start_choice_reg[2] cannot be properly analyzed as its control pin start_choice_reg[2]/G is not reached by a timing clock
Related violations: <none>


