
*** Running vivado
    with args -log interface.vdi -applog -m64 -product Vivado -messageDb vivado.pb -mode batch -source interface.tcl -notrace


****** Vivado v2017.4 (64-bit)
  **** SW Build 2086221 on Fri Dec 15 20:54:30 MST 2017
  **** IP Build 2085800 on Fri Dec 15 22:25:07 MST 2017
    ** Copyright 1986-2017 Xilinx, Inc. All Rights Reserved.

source interface.tcl -notrace
INFO: [IP_Flow 19-234] Refreshing IP repositories
INFO: [IP_Flow 19-1704] No user IP repositories specified
INFO: [IP_Flow 19-2313] Loaded Vivado IP repository '/home/Xilinx/Vivado/2017.4/data/ip'.
Command: link_design -top interface -part xc7z020clg484-1
Design is defaulting to srcset: sources_1
Design is defaulting to constrset: constrs_1
INFO: [Project 1-454] Reading design checkpoint '/home/eaglesat/Documents/plugsin/plugsin_PL/plugsin_PL.srcs/sources_1/bd/PLL_phase/ip/PLL_phase_clk_wiz_0_0/PLL_phase_clk_wiz_0_0.dcp' for cell 'PLL_INST/PLL_phase_i/clk_wiz_0'
INFO: [Project 1-454] Reading design checkpoint '/home/eaglesat/Documents/plugsin/plugsin_PL/plugsin_PL.srcs/sources_1/bd/PLL_phase/ip/PLL_phase_xlconcat_0_0/PLL_phase_xlconcat_0_0.dcp' for cell 'PLL_INST/PLL_phase_i/xlconcat_0'
INFO: [Netlist 29-17] Analyzing 201 Unisim elements for replacement
INFO: [Netlist 29-28] Unisim Transformation completed in 0 CPU seconds
INFO: [Project 1-479] Netlist was created with Vivado 2017.4
INFO: [Device 21-403] Loading part xc7z020clg484-1
INFO: [Project 1-570] Preparing netlist for logic optimization
Parsing XDC File [/home/eaglesat/Documents/plugsin/plugsin_PL/plugsin_PL.srcs/sources_1/bd/PLL_phase/ip/PLL_phase_clk_wiz_0_0/PLL_phase_clk_wiz_0_0_board.xdc] for cell 'PLL_INST/PLL_phase_i/clk_wiz_0/inst'
Finished Parsing XDC File [/home/eaglesat/Documents/plugsin/plugsin_PL/plugsin_PL.srcs/sources_1/bd/PLL_phase/ip/PLL_phase_clk_wiz_0_0/PLL_phase_clk_wiz_0_0_board.xdc] for cell 'PLL_INST/PLL_phase_i/clk_wiz_0/inst'
Parsing XDC File [/home/eaglesat/Documents/plugsin/plugsin_PL/plugsin_PL.srcs/sources_1/bd/PLL_phase/ip/PLL_phase_clk_wiz_0_0/PLL_phase_clk_wiz_0_0.xdc] for cell 'PLL_INST/PLL_phase_i/clk_wiz_0/inst'
INFO: [Timing 38-35] Done setting XDC timing constraints. [/home/eaglesat/Documents/plugsin/plugsin_PL/plugsin_PL.srcs/sources_1/bd/PLL_phase/ip/PLL_phase_clk_wiz_0_0/PLL_phase_clk_wiz_0_0.xdc:57]
INFO: [Timing 38-2] Deriving generated clocks [/home/eaglesat/Documents/plugsin/plugsin_PL/plugsin_PL.srcs/sources_1/bd/PLL_phase/ip/PLL_phase_clk_wiz_0_0/PLL_phase_clk_wiz_0_0.xdc:57]
get_clocks: Time (s): cpu = 00:00:15 ; elapsed = 00:00:35 . Memory (MB): peak = 1995.637 ; gain = 488.500 ; free physical = 135 ; free virtual = 5090
Finished Parsing XDC File [/home/eaglesat/Documents/plugsin/plugsin_PL/plugsin_PL.srcs/sources_1/bd/PLL_phase/ip/PLL_phase_clk_wiz_0_0/PLL_phase_clk_wiz_0_0.xdc] for cell 'PLL_INST/PLL_phase_i/clk_wiz_0/inst'
Parsing XDC File [/home/eaglesat/Documents/plugsin/plugsin_PL/plugsin_PL.srcs/constrs_1/imports/vivado-essentials/xillydemo.xdc]
WARNING: [Vivado 12-584] No ports matched 'clk_100'. [/home/eaglesat/Documents/plugsin/plugsin_PL/plugsin_PL.srcs/constrs_1/imports/vivado-essentials/xillydemo.xdc:1]
CRITICAL WARNING: [Vivado 12-4739] create_clock:No valid object(s) found for '-objects [get_ports clk_100]'. [/home/eaglesat/Documents/plugsin/plugsin_PL/plugsin_PL.srcs/constrs_1/imports/vivado-essentials/xillydemo.xdc:1]
Resolution: Check if the specified object(s) exists in the current design. If it does, ensure that the correct design hierarchy was specified for the object. If you are working with clocks, make sure create_clock was used to create the clock object before it is referenced.
WARNING: [Vivado 12-507] No nets matched 'clk_100'. [/home/eaglesat/Documents/plugsin/plugsin_PL/plugsin_PL.srcs/constrs_1/imports/vivado-essentials/xillydemo.xdc:2]
CRITICAL WARNING: [Common 17-55] 'set_property' expects at least one object. [/home/eaglesat/Documents/plugsin/plugsin_PL/plugsin_PL.srcs/constrs_1/imports/vivado-essentials/xillydemo.xdc:2]
Resolution: If [get_<value>] was used to populate the object, check to make sure this command returns at least one valid object.
WARNING: [Vivado 12-627] No clocks matched 'clk_fpga_1'. [/home/eaglesat/Documents/plugsin/plugsin_PL/plugsin_PL.srcs/constrs_1/imports/vivado-essentials/xillydemo.xdc:5]
INFO: [Vivado 12-626] No clocks found. Please use 'create_clock' or 'create_generated_clock' command to create clocks. [/home/eaglesat/Documents/plugsin/plugsin_PL/plugsin_PL.srcs/constrs_1/imports/vivado-essentials/xillydemo.xdc:5]
WARNING: [Vivado 12-627] No clocks matched 'vga_clk_ins/*'. [/home/eaglesat/Documents/plugsin/plugsin_PL/plugsin_PL.srcs/constrs_1/imports/vivado-essentials/xillydemo.xdc:5]
INFO: [Vivado 12-626] No clocks found. Please use 'create_clock' or 'create_generated_clock' command to create clocks. [/home/eaglesat/Documents/plugsin/plugsin_PL/plugsin_PL.srcs/constrs_1/imports/vivado-essentials/xillydemo.xdc:5]
CRITICAL WARNING: [Vivado 12-4739] set_false_path:No valid object(s) found for '-from [get_clocks clk_fpga_1]'. [/home/eaglesat/Documents/plugsin/plugsin_PL/plugsin_PL.srcs/constrs_1/imports/vivado-essentials/xillydemo.xdc:5]
Resolution: Check if the specified object(s) exists in the current design. If it does, ensure that the correct design hierarchy was specified for the object. If you are working with clocks, make sure create_clock was used to create the clock object before it is referenced.
WARNING: [Vivado 12-627] No clocks matched 'vga_clk_ins/*'. [/home/eaglesat/Documents/plugsin/plugsin_PL/plugsin_PL.srcs/constrs_1/imports/vivado-essentials/xillydemo.xdc:6]
INFO: [Vivado 12-626] No clocks found. Please use 'create_clock' or 'create_generated_clock' command to create clocks. [/home/eaglesat/Documents/plugsin/plugsin_PL/plugsin_PL.srcs/constrs_1/imports/vivado-essentials/xillydemo.xdc:6]
WARNING: [Vivado 12-627] No clocks matched 'clk_fpga_1'. [/home/eaglesat/Documents/plugsin/plugsin_PL/plugsin_PL.srcs/constrs_1/imports/vivado-essentials/xillydemo.xdc:6]
INFO: [Vivado 12-626] No clocks found. Please use 'create_clock' or 'create_generated_clock' command to create clocks. [/home/eaglesat/Documents/plugsin/plugsin_PL/plugsin_PL.srcs/constrs_1/imports/vivado-essentials/xillydemo.xdc:6]
CRITICAL WARNING: [Vivado 12-4739] set_false_path:No valid object(s) found for '-from [get_clocks vga_clk_ins/*]'. [/home/eaglesat/Documents/plugsin/plugsin_PL/plugsin_PL.srcs/constrs_1/imports/vivado-essentials/xillydemo.xdc:6]
Resolution: Check if the specified object(s) exists in the current design. If it does, ensure that the correct design hierarchy was specified for the object. If you are working with clocks, make sure create_clock was used to create the clock object before it is referenced.
WARNING: [Vivado 12-584] No ports matched 'vga*'. [/home/eaglesat/Documents/plugsin/plugsin_PL/plugsin_PL.srcs/constrs_1/imports/vivado-essentials/xillydemo.xdc:12]
CRITICAL WARNING: [Vivado 12-4739] set_output_delay:No valid object(s) found for '-objects [get_ports vga*]'. [/home/eaglesat/Documents/plugsin/plugsin_PL/plugsin_PL.srcs/constrs_1/imports/vivado-essentials/xillydemo.xdc:12]
Resolution: Check if the specified object(s) exists in the current design. If it does, ensure that the correct design hierarchy was specified for the object. If you are working with clocks, make sure create_clock was used to create the clock object before it is referenced.
WARNING: [Vivado 12-584] No ports matched 'clk_100'. [/home/eaglesat/Documents/plugsin/plugsin_PL/plugsin_PL.srcs/constrs_1/imports/vivado-essentials/xillydemo.xdc:14]
CRITICAL WARNING: [Common 17-55] 'set_property' expects at least one object. [/home/eaglesat/Documents/plugsin/plugsin_PL/plugsin_PL.srcs/constrs_1/imports/vivado-essentials/xillydemo.xdc:14]
Resolution: If [get_<value>] was used to populate the object, check to make sure this command returns at least one valid object.
WARNING: [Vivado 12-584] No ports matched 'GPIO_LED[0]'. [/home/eaglesat/Documents/plugsin/plugsin_PL/plugsin_PL.srcs/constrs_1/imports/vivado-essentials/xillydemo.xdc:15]
CRITICAL WARNING: [Common 17-55] 'set_property' expects at least one object. [/home/eaglesat/Documents/plugsin/plugsin_PL/plugsin_PL.srcs/constrs_1/imports/vivado-essentials/xillydemo.xdc:15]
Resolution: If [get_<value>] was used to populate the object, check to make sure this command returns at least one valid object.
WARNING: [Vivado 12-584] No ports matched 'GPIO_LED[1]'. [/home/eaglesat/Documents/plugsin/plugsin_PL/plugsin_PL.srcs/constrs_1/imports/vivado-essentials/xillydemo.xdc:16]
CRITICAL WARNING: [Common 17-55] 'set_property' expects at least one object. [/home/eaglesat/Documents/plugsin/plugsin_PL/plugsin_PL.srcs/constrs_1/imports/vivado-essentials/xillydemo.xdc:16]
Resolution: If [get_<value>] was used to populate the object, check to make sure this command returns at least one valid object.
WARNING: [Vivado 12-584] No ports matched 'GPIO_LED[2]'. [/home/eaglesat/Documents/plugsin/plugsin_PL/plugsin_PL.srcs/constrs_1/imports/vivado-essentials/xillydemo.xdc:17]
CRITICAL WARNING: [Common 17-55] 'set_property' expects at least one object. [/home/eaglesat/Documents/plugsin/plugsin_PL/plugsin_PL.srcs/constrs_1/imports/vivado-essentials/xillydemo.xdc:17]
Resolution: If [get_<value>] was used to populate the object, check to make sure this command returns at least one valid object.
WARNING: [Vivado 12-584] No ports matched 'GPIO_LED[3]'. [/home/eaglesat/Documents/plugsin/plugsin_PL/plugsin_PL.srcs/constrs_1/imports/vivado-essentials/xillydemo.xdc:18]
CRITICAL WARNING: [Common 17-55] 'set_property' expects at least one object. [/home/eaglesat/Documents/plugsin/plugsin_PL/plugsin_PL.srcs/constrs_1/imports/vivado-essentials/xillydemo.xdc:18]
Resolution: If [get_<value>] was used to populate the object, check to make sure this command returns at least one valid object.
WARNING: [Vivado 12-584] No ports matched 'vga4_blue[0]'. [/home/eaglesat/Documents/plugsin/plugsin_PL/plugsin_PL.srcs/constrs_1/imports/vivado-essentials/xillydemo.xdc:19]
CRITICAL WARNING: [Common 17-55] 'set_property' expects at least one object. [/home/eaglesat/Documents/plugsin/plugsin_PL/plugsin_PL.srcs/constrs_1/imports/vivado-essentials/xillydemo.xdc:19]
Resolution: If [get_<value>] was used to populate the object, check to make sure this command returns at least one valid object.
WARNING: [Vivado 12-584] No ports matched 'vga4_blue[1]'. [/home/eaglesat/Documents/plugsin/plugsin_PL/plugsin_PL.srcs/constrs_1/imports/vivado-essentials/xillydemo.xdc:20]
CRITICAL WARNING: [Common 17-55] 'set_property' expects at least one object. [/home/eaglesat/Documents/plugsin/plugsin_PL/plugsin_PL.srcs/constrs_1/imports/vivado-essentials/xillydemo.xdc:20]
Resolution: If [get_<value>] was used to populate the object, check to make sure this command returns at least one valid object.
WARNING: [Vivado 12-584] No ports matched 'vga4_blue[2]'. [/home/eaglesat/Documents/plugsin/plugsin_PL/plugsin_PL.srcs/constrs_1/imports/vivado-essentials/xillydemo.xdc:21]
CRITICAL WARNING: [Common 17-55] 'set_property' expects at least one object. [/home/eaglesat/Documents/plugsin/plugsin_PL/plugsin_PL.srcs/constrs_1/imports/vivado-essentials/xillydemo.xdc:21]
Resolution: If [get_<value>] was used to populate the object, check to make sure this command returns at least one valid object.
WARNING: [Vivado 12-584] No ports matched 'vga4_blue[3]'. [/home/eaglesat/Documents/plugsin/plugsin_PL/plugsin_PL.srcs/constrs_1/imports/vivado-essentials/xillydemo.xdc:22]
CRITICAL WARNING: [Common 17-55] 'set_property' expects at least one object. [/home/eaglesat/Documents/plugsin/plugsin_PL/plugsin_PL.srcs/constrs_1/imports/vivado-essentials/xillydemo.xdc:22]
Resolution: If [get_<value>] was used to populate the object, check to make sure this command returns at least one valid object.
WARNING: [Vivado 12-584] No ports matched 'vga4_green[0]'. [/home/eaglesat/Documents/plugsin/plugsin_PL/plugsin_PL.srcs/constrs_1/imports/vivado-essentials/xillydemo.xdc:23]
CRITICAL WARNING: [Common 17-55] 'set_property' expects at least one object. [/home/eaglesat/Documents/plugsin/plugsin_PL/plugsin_PL.srcs/constrs_1/imports/vivado-essentials/xillydemo.xdc:23]
Resolution: If [get_<value>] was used to populate the object, check to make sure this command returns at least one valid object.
WARNING: [Vivado 12-584] No ports matched 'vga4_green[1]'. [/home/eaglesat/Documents/plugsin/plugsin_PL/plugsin_PL.srcs/constrs_1/imports/vivado-essentials/xillydemo.xdc:24]
CRITICAL WARNING: [Common 17-55] 'set_property' expects at least one object. [/home/eaglesat/Documents/plugsin/plugsin_PL/plugsin_PL.srcs/constrs_1/imports/vivado-essentials/xillydemo.xdc:24]
Resolution: If [get_<value>] was used to populate the object, check to make sure this command returns at least one valid object.
WARNING: [Vivado 12-584] No ports matched 'vga4_green[2]'. [/home/eaglesat/Documents/plugsin/plugsin_PL/plugsin_PL.srcs/constrs_1/imports/vivado-essentials/xillydemo.xdc:25]
CRITICAL WARNING: [Common 17-55] 'set_property' expects at least one object. [/home/eaglesat/Documents/plugsin/plugsin_PL/plugsin_PL.srcs/constrs_1/imports/vivado-essentials/xillydemo.xdc:25]
Resolution: If [get_<value>] was used to populate the object, check to make sure this command returns at least one valid object.
WARNING: [Vivado 12-584] No ports matched 'vga4_green[3]'. [/home/eaglesat/Documents/plugsin/plugsin_PL/plugsin_PL.srcs/constrs_1/imports/vivado-essentials/xillydemo.xdc:26]
CRITICAL WARNING: [Common 17-55] 'set_property' expects at least one object. [/home/eaglesat/Documents/plugsin/plugsin_PL/plugsin_PL.srcs/constrs_1/imports/vivado-essentials/xillydemo.xdc:26]
Resolution: If [get_<value>] was used to populate the object, check to make sure this command returns at least one valid object.
WARNING: [Vivado 12-584] No ports matched 'vga4_red[0]'. [/home/eaglesat/Documents/plugsin/plugsin_PL/plugsin_PL.srcs/constrs_1/imports/vivado-essentials/xillydemo.xdc:27]
CRITICAL WARNING: [Common 17-55] 'set_property' expects at least one object. [/home/eaglesat/Documents/plugsin/plugsin_PL/plugsin_PL.srcs/constrs_1/imports/vivado-essentials/xillydemo.xdc:27]
Resolution: If [get_<value>] was used to populate the object, check to make sure this command returns at least one valid object.
WARNING: [Vivado 12-584] No ports matched 'vga4_red[1]'. [/home/eaglesat/Documents/plugsin/plugsin_PL/plugsin_PL.srcs/constrs_1/imports/vivado-essentials/xillydemo.xdc:28]
CRITICAL WARNING: [Common 17-55] 'set_property' expects at least one object. [/home/eaglesat/Documents/plugsin/plugsin_PL/plugsin_PL.srcs/constrs_1/imports/vivado-essentials/xillydemo.xdc:28]
Resolution: If [get_<value>] was used to populate the object, check to make sure this command returns at least one valid object.
WARNING: [Vivado 12-584] No ports matched 'vga4_red[2]'. [/home/eaglesat/Documents/plugsin/plugsin_PL/plugsin_PL.srcs/constrs_1/imports/vivado-essentials/xillydemo.xdc:29]
CRITICAL WARNING: [Common 17-55] 'set_property' expects at least one object. [/home/eaglesat/Documents/plugsin/plugsin_PL/plugsin_PL.srcs/constrs_1/imports/vivado-essentials/xillydemo.xdc:29]
Resolution: If [get_<value>] was used to populate the object, check to make sure this command returns at least one valid object.
WARNING: [Vivado 12-584] No ports matched 'vga4_red[3]'. [/home/eaglesat/Documents/plugsin/plugsin_PL/plugsin_PL.srcs/constrs_1/imports/vivado-essentials/xillydemo.xdc:30]
CRITICAL WARNING: [Common 17-55] 'set_property' expects at least one object. [/home/eaglesat/Documents/plugsin/plugsin_PL/plugsin_PL.srcs/constrs_1/imports/vivado-essentials/xillydemo.xdc:30]
Resolution: If [get_<value>] was used to populate the object, check to make sure this command returns at least one valid object.
WARNING: [Vivado 12-584] No ports matched 'vga_vsync'. [/home/eaglesat/Documents/plugsin/plugsin_PL/plugsin_PL.srcs/constrs_1/imports/vivado-essentials/xillydemo.xdc:31]
CRITICAL WARNING: [Common 17-55] 'set_property' expects at least one object. [/home/eaglesat/Documents/plugsin/plugsin_PL/plugsin_PL.srcs/constrs_1/imports/vivado-essentials/xillydemo.xdc:31]
Resolution: If [get_<value>] was used to populate the object, check to make sure this command returns at least one valid object.
WARNING: [Vivado 12-584] No ports matched 'vga_hsync'. [/home/eaglesat/Documents/plugsin/plugsin_PL/plugsin_PL.srcs/constrs_1/imports/vivado-essentials/xillydemo.xdc:32]
CRITICAL WARNING: [Common 17-55] 'set_property' expects at least one object. [/home/eaglesat/Documents/plugsin/plugsin_PL/plugsin_PL.srcs/constrs_1/imports/vivado-essentials/xillydemo.xdc:32]
Resolution: If [get_<value>] was used to populate the object, check to make sure this command returns at least one valid object.
WARNING: [Vivado 12-584] No ports matched 'PS_GPIO[0]'. [/home/eaglesat/Documents/plugsin/plugsin_PL/plugsin_PL.srcs/constrs_1/imports/vivado-essentials/xillydemo.xdc:39]
CRITICAL WARNING: [Common 17-55] 'set_property' expects at least one object. [/home/eaglesat/Documents/plugsin/plugsin_PL/plugsin_PL.srcs/constrs_1/imports/vivado-essentials/xillydemo.xdc:39]
Resolution: If [get_<value>] was used to populate the object, check to make sure this command returns at least one valid object.
WARNING: [Vivado 12-584] No ports matched 'PS_GPIO[1]'. [/home/eaglesat/Documents/plugsin/plugsin_PL/plugsin_PL.srcs/constrs_1/imports/vivado-essentials/xillydemo.xdc:43]
CRITICAL WARNING: [Common 17-55] 'set_property' expects at least one object. [/home/eaglesat/Documents/plugsin/plugsin_PL/plugsin_PL.srcs/constrs_1/imports/vivado-essentials/xillydemo.xdc:43]
Resolution: If [get_<value>] was used to populate the object, check to make sure this command returns at least one valid object.
WARNING: [Vivado 12-584] No ports matched 'PS_GPIO[2]'. [/home/eaglesat/Documents/plugsin/plugsin_PL/plugsin_PL.srcs/constrs_1/imports/vivado-essentials/xillydemo.xdc:44]
CRITICAL WARNING: [Common 17-55] 'set_property' expects at least one object. [/home/eaglesat/Documents/plugsin/plugsin_PL/plugsin_PL.srcs/constrs_1/imports/vivado-essentials/xillydemo.xdc:44]
Resolution: If [get_<value>] was used to populate the object, check to make sure this command returns at least one valid object.
WARNING: [Vivado 12-584] No ports matched 'PS_GPIO[3]'. [/home/eaglesat/Documents/plugsin/plugsin_PL/plugsin_PL.srcs/constrs_1/imports/vivado-essentials/xillydemo.xdc:45]
CRITICAL WARNING: [Common 17-55] 'set_property' expects at least one object. [/home/eaglesat/Documents/plugsin/plugsin_PL/plugsin_PL.srcs/constrs_1/imports/vivado-essentials/xillydemo.xdc:45]
Resolution: If [get_<value>] was used to populate the object, check to make sure this command returns at least one valid object.
WARNING: [Vivado 12-584] No ports matched 'PS_GPIO[4]'. [/home/eaglesat/Documents/plugsin/plugsin_PL/plugsin_PL.srcs/constrs_1/imports/vivado-essentials/xillydemo.xdc:46]
CRITICAL WARNING: [Common 17-55] 'set_property' expects at least one object. [/home/eaglesat/Documents/plugsin/plugsin_PL/plugsin_PL.srcs/constrs_1/imports/vivado-essentials/xillydemo.xdc:46]
Resolution: If [get_<value>] was used to populate the object, check to make sure this command returns at least one valid object.
WARNING: [Vivado 12-584] No ports matched 'PS_GPIO[5]'. [/home/eaglesat/Documents/plugsin/plugsin_PL/plugsin_PL.srcs/constrs_1/imports/vivado-essentials/xillydemo.xdc:47]
CRITICAL WARNING: [Common 17-55] 'set_property' expects at least one object. [/home/eaglesat/Documents/plugsin/plugsin_PL/plugsin_PL.srcs/constrs_1/imports/vivado-essentials/xillydemo.xdc:47]
Resolution: If [get_<value>] was used to populate the object, check to make sure this command returns at least one valid object.
WARNING: [Vivado 12-584] No ports matched 'PS_GPIO[6]'. [/home/eaglesat/Documents/plugsin/plugsin_PL/plugsin_PL.srcs/constrs_1/imports/vivado-essentials/xillydemo.xdc:48]
CRITICAL WARNING: [Common 17-55] 'set_property' expects at least one object. [/home/eaglesat/Documents/plugsin/plugsin_PL/plugsin_PL.srcs/constrs_1/imports/vivado-essentials/xillydemo.xdc:48]
Resolution: If [get_<value>] was used to populate the object, check to make sure this command returns at least one valid object.
WARNING: [Vivado 12-584] No ports matched 'PS_GPIO[7]'. [/home/eaglesat/Documents/plugsin/plugsin_PL/plugsin_PL.srcs/constrs_1/imports/vivado-essentials/xillydemo.xdc:54]
CRITICAL WARNING: [Common 17-55] 'set_property' expects at least one object. [/home/eaglesat/Documents/plugsin/plugsin_PL/plugsin_PL.srcs/constrs_1/imports/vivado-essentials/xillydemo.xdc:54]
Resolution: If [get_<value>] was used to populate the object, check to make sure this command returns at least one valid object.
WARNING: [Vivado 12-584] No ports matched 'PS_GPIO[8]'. [/home/eaglesat/Documents/plugsin/plugsin_PL/plugsin_PL.srcs/constrs_1/imports/vivado-essentials/xillydemo.xdc:55]
CRITICAL WARNING: [Common 17-55] 'set_property' expects at least one object. [/home/eaglesat/Documents/plugsin/plugsin_PL/plugsin_PL.srcs/constrs_1/imports/vivado-essentials/xillydemo.xdc:55]
Resolution: If [get_<value>] was used to populate the object, check to make sure this command returns at least one valid object.
WARNING: [Vivado 12-584] No ports matched 'PS_GPIO[9]'. [/home/eaglesat/Documents/plugsin/plugsin_PL/plugsin_PL.srcs/constrs_1/imports/vivado-essentials/xillydemo.xdc:56]
CRITICAL WARNING: [Common 17-55] 'set_property' expects at least one object. [/home/eaglesat/Documents/plugsin/plugsin_PL/plugsin_PL.srcs/constrs_1/imports/vivado-essentials/xillydemo.xdc:56]
Resolution: If [get_<value>] was used to populate the object, check to make sure this command returns at least one valid object.
WARNING: [Vivado 12-584] No ports matched 'PS_GPIO[10]'. [/home/eaglesat/Documents/plugsin/plugsin_PL/plugsin_PL.srcs/constrs_1/imports/vivado-essentials/xillydemo.xdc:57]
CRITICAL WARNING: [Common 17-55] 'set_property' expects at least one object. [/home/eaglesat/Documents/plugsin/plugsin_PL/plugsin_PL.srcs/constrs_1/imports/vivado-essentials/xillydemo.xdc:57]
Resolution: If [get_<value>] was used to populate the object, check to make sure this command returns at least one valid object.
WARNING: [Vivado 12-584] No ports matched 'PS_GPIO[11]'. [/home/eaglesat/Documents/plugsin/plugsin_PL/plugsin_PL.srcs/constrs_1/imports/vivado-essentials/xillydemo.xdc:61]
CRITICAL WARNING: [Common 17-55] 'set_property' expects at least one object. [/home/eaglesat/Documents/plugsin/plugsin_PL/plugsin_PL.srcs/constrs_1/imports/vivado-essentials/xillydemo.xdc:61]
Resolution: If [get_<value>] was used to populate the object, check to make sure this command returns at least one valid object.
WARNING: [Vivado 12-584] No ports matched 'PS_GPIO[12]'. [/home/eaglesat/Documents/plugsin/plugsin_PL/plugsin_PL.srcs/constrs_1/imports/vivado-essentials/xillydemo.xdc:62]
CRITICAL WARNING: [Common 17-55] 'set_property' expects at least one object. [/home/eaglesat/Documents/plugsin/plugsin_PL/plugsin_PL.srcs/constrs_1/imports/vivado-essentials/xillydemo.xdc:62]
Resolution: If [get_<value>] was used to populate the object, check to make sure this command returns at least one valid object.
WARNING: [Vivado 12-584] No ports matched 'PS_GPIO[13]'. [/home/eaglesat/Documents/plugsin/plugsin_PL/plugsin_PL.srcs/constrs_1/imports/vivado-essentials/xillydemo.xdc:63]
CRITICAL WARNING: [Common 17-55] 'set_property' expects at least one object. [/home/eaglesat/Documents/plugsin/plugsin_PL/plugsin_PL.srcs/constrs_1/imports/vivado-essentials/xillydemo.xdc:63]
Resolution: If [get_<value>] was used to populate the object, check to make sure this command returns at least one valid object.
WARNING: [Vivado 12-584] No ports matched 'PS_GPIO[14]'. [/home/eaglesat/Documents/plugsin/plugsin_PL/plugsin_PL.srcs/constrs_1/imports/vivado-essentials/xillydemo.xdc:64]
CRITICAL WARNING: [Common 17-55] 'set_property' expects at least one object. [/home/eaglesat/Documents/plugsin/plugsin_PL/plugsin_PL.srcs/constrs_1/imports/vivado-essentials/xillydemo.xdc:64]
Resolution: If [get_<value>] was used to populate the object, check to make sure this command returns at least one valid object.
WARNING: [Vivado 12-584] No ports matched 'PS_GPIO[15]'. [/home/eaglesat/Documents/plugsin/plugsin_PL/plugsin_PL.srcs/constrs_1/imports/vivado-essentials/xillydemo.xdc:65]
CRITICAL WARNING: [Common 17-55] 'set_property' expects at least one object. [/home/eaglesat/Documents/plugsin/plugsin_PL/plugsin_PL.srcs/constrs_1/imports/vivado-essentials/xillydemo.xdc:65]
Resolution: If [get_<value>] was used to populate the object, check to make sure this command returns at least one valid object.
WARNING: [Vivado 12-584] No ports matched 'PS_GPIO[16]'. [/home/eaglesat/Documents/plugsin/plugsin_PL/plugsin_PL.srcs/constrs_1/imports/vivado-essentials/xillydemo.xdc:66]
CRITICAL WARNING: [Common 17-55] 'set_property' expects at least one object. [/home/eaglesat/Documents/plugsin/plugsin_PL/plugsin_PL.srcs/constrs_1/imports/vivado-essentials/xillydemo.xdc:66]
Resolution: If [get_<value>] was used to populate the object, check to make sure this command returns at least one valid object.
WARNING: [Vivado 12-584] No ports matched 'PS_GPIO[17]'. [/home/eaglesat/Documents/plugsin/plugsin_PL/plugsin_PL.srcs/constrs_1/imports/vivado-essentials/xillydemo.xdc:67]
CRITICAL WARNING: [Common 17-55] 'set_property' expects at least one object. [/home/eaglesat/Documents/plugsin/plugsin_PL/plugsin_PL.srcs/constrs_1/imports/vivado-essentials/xillydemo.xdc:67]
Resolution: If [get_<value>] was used to populate the object, check to make sure this command returns at least one valid object.
WARNING: [Vivado 12-584] No ports matched 'PS_GPIO[18]'. [/home/eaglesat/Documents/plugsin/plugsin_PL/plugsin_PL.srcs/constrs_1/imports/vivado-essentials/xillydemo.xdc:68]
CRITICAL WARNING: [Common 17-55] 'set_property' expects at least one object. [/home/eaglesat/Documents/plugsin/plugsin_PL/plugsin_PL.srcs/constrs_1/imports/vivado-essentials/xillydemo.xdc:68]
Resolution: If [get_<value>] was used to populate the object, check to make sure this command returns at least one valid object.
WARNING: [Vivado 12-584] No ports matched 'PS_GPIO[19]'. [/home/eaglesat/Documents/plugsin/plugsin_PL/plugsin_PL.srcs/constrs_1/imports/vivado-essentials/xillydemo.xdc:72]
CRITICAL WARNING: [Common 17-55] 'set_property' expects at least one object. [/home/eaglesat/Documents/plugsin/plugsin_PL/plugsin_PL.srcs/constrs_1/imports/vivado-essentials/xillydemo.xdc:72]
Resolution: If [get_<value>] was used to populate the object, check to make sure this command returns at least one valid object.
WARNING: [Vivado 12-584] No ports matched 'PS_GPIO[20]'. [/home/eaglesat/Documents/plugsin/plugsin_PL/plugsin_PL.srcs/constrs_1/imports/vivado-essentials/xillydemo.xdc:73]
CRITICAL WARNING: [Common 17-55] 'set_property' expects at least one object. [/home/eaglesat/Documents/plugsin/plugsin_PL/plugsin_PL.srcs/constrs_1/imports/vivado-essentials/xillydemo.xdc:73]
Resolution: If [get_<value>] was used to populate the object, check to make sure this command returns at least one valid object.
WARNING: [Vivado 12-584] No ports matched 'PS_GPIO[21]'. [/home/eaglesat/Documents/plugsin/plugsin_PL/plugsin_PL.srcs/constrs_1/imports/vivado-essentials/xillydemo.xdc:74]
CRITICAL WARNING: [Common 17-55] 'set_property' expects at least one object. [/home/eaglesat/Documents/plugsin/plugsin_PL/plugsin_PL.srcs/constrs_1/imports/vivado-essentials/xillydemo.xdc:74]
Resolution: If [get_<value>] was used to populate the object, check to make sure this command returns at least one valid object.
WARNING: [Vivado 12-584] No ports matched 'PS_GPIO[22]'. [/home/eaglesat/Documents/plugsin/plugsin_PL/plugsin_PL.srcs/constrs_1/imports/vivado-essentials/xillydemo.xdc:75]
CRITICAL WARNING: [Common 17-55] 'set_property' expects at least one object. [/home/eaglesat/Documents/plugsin/plugsin_PL/plugsin_PL.srcs/constrs_1/imports/vivado-essentials/xillydemo.xdc:75]
Resolution: If [get_<value>] was used to populate the object, check to make sure this command returns at least one valid object.
WARNING: [Vivado 12-584] No ports matched 'PS_GPIO[23]'. [/home/eaglesat/Documents/plugsin/plugsin_PL/plugsin_PL.srcs/constrs_1/imports/vivado-essentials/xillydemo.xdc:76]
CRITICAL WARNING: [Common 17-55] 'set_property' expects at least one object. [/home/eaglesat/Documents/plugsin/plugsin_PL/plugsin_PL.srcs/constrs_1/imports/vivado-essentials/xillydemo.xdc:76]
Resolution: If [get_<value>] was used to populate the object, check to make sure this command returns at least one valid object.
WARNING: [Vivado 12-584] No ports matched 'PS_GPIO[24]'. [/home/eaglesat/Documents/plugsin/plugsin_PL/plugsin_PL.srcs/constrs_1/imports/vivado-essentials/xillydemo.xdc:80]
CRITICAL WARNING: [Common 17-55] 'set_property' expects at least one object. [/home/eaglesat/Documents/plugsin/plugsin_PL/plugsin_PL.srcs/constrs_1/imports/vivado-essentials/xillydemo.xdc:80]
Resolution: If [get_<value>] was used to populate the object, check to make sure this command returns at least one valid object.
WARNING: [Vivado 12-584] No ports matched 'PS_GPIO[25]'. [/home/eaglesat/Documents/plugsin/plugsin_PL/plugsin_PL.srcs/constrs_1/imports/vivado-essentials/xillydemo.xdc:81]
CRITICAL WARNING: [Common 17-55] 'set_property' expects at least one object. [/home/eaglesat/Documents/plugsin/plugsin_PL/plugsin_PL.srcs/constrs_1/imports/vivado-essentials/xillydemo.xdc:81]
Resolution: If [get_<value>] was used to populate the object, check to make sure this command returns at least one valid object.
WARNING: [Vivado 12-584] No ports matched 'PS_GPIO[26]'. [/home/eaglesat/Documents/plugsin/plugsin_PL/plugsin_PL.srcs/constrs_1/imports/vivado-essentials/xillydemo.xdc:82]
CRITICAL WARNING: [Common 17-55] 'set_property' expects at least one object. [/home/eaglesat/Documents/plugsin/plugsin_PL/plugsin_PL.srcs/constrs_1/imports/vivado-essentials/xillydemo.xdc:82]
Resolution: If [get_<value>] was used to populate the object, check to make sure this command returns at least one valid object.
WARNING: [Vivado 12-584] No ports matched 'PS_GPIO[27]'. [/home/eaglesat/Documents/plugsin/plugsin_PL/plugsin_PL.srcs/constrs_1/imports/vivado-essentials/xillydemo.xdc:83]
CRITICAL WARNING: [Common 17-55] 'set_property' expects at least one object. [/home/eaglesat/Documents/plugsin/plugsin_PL/plugsin_PL.srcs/constrs_1/imports/vivado-essentials/xillydemo.xdc:83]
Resolution: If [get_<value>] was used to populate the object, check to make sure this command returns at least one valid object.
WARNING: [Vivado 12-584] No ports matched 'PS_GPIO[28]'. [/home/eaglesat/Documents/plugsin/plugsin_PL/plugsin_PL.srcs/constrs_1/imports/vivado-essentials/xillydemo.xdc:84]
CRITICAL WARNING: [Common 17-55] 'set_property' expects at least one object. [/home/eaglesat/Documents/plugsin/plugsin_PL/plugsin_PL.srcs/constrs_1/imports/vivado-essentials/xillydemo.xdc:84]
Resolution: If [get_<value>] was used to populate the object, check to make sure this command returns at least one valid object.
WARNING: [Vivado 12-584] No ports matched 'PS_GPIO[29]'. [/home/eaglesat/Documents/plugsin/plugsin_PL/plugsin_PL.srcs/constrs_1/imports/vivado-essentials/xillydemo.xdc:85]
CRITICAL WARNING: [Common 17-55] 'set_property' expects at least one object. [/home/eaglesat/Documents/plugsin/plugsin_PL/plugsin_PL.srcs/constrs_1/imports/vivado-essentials/xillydemo.xdc:85]
Resolution: If [get_<value>] was used to populate the object, check to make sure this command returns at least one valid object.
WARNING: [Vivado 12-584] No ports matched 'PS_GPIO[30]'. [/home/eaglesat/Documents/plugsin/plugsin_PL/plugsin_PL.srcs/constrs_1/imports/vivado-essentials/xillydemo.xdc:86]
CRITICAL WARNING: [Common 17-55] 'set_property' expects at least one object. [/home/eaglesat/Documents/plugsin/plugsin_PL/plugsin_PL.srcs/constrs_1/imports/vivado-essentials/xillydemo.xdc:86]
Resolution: If [get_<value>] was used to populate the object, check to make sure this command returns at least one valid object.
WARNING: [Vivado 12-584] No ports matched 'PS_GPIO[31]'. [/home/eaglesat/Documents/plugsin/plugsin_PL/plugsin_PL.srcs/constrs_1/imports/vivado-essentials/xillydemo.xdc:87]
CRITICAL WARNING: [Common 17-55] 'set_property' expects at least one object. [/home/eaglesat/Documents/plugsin/plugsin_PL/plugsin_PL.srcs/constrs_1/imports/vivado-essentials/xillydemo.xdc:87]
Resolution: If [get_<value>] was used to populate the object, check to make sure this command returns at least one valid object.
WARNING: [Vivado 12-584] No ports matched 'PS_GPIO[32]'. [/home/eaglesat/Documents/plugsin/plugsin_PL/plugsin_PL.srcs/constrs_1/imports/vivado-essentials/xillydemo.xdc:91]
CRITICAL WARNING: [Common 17-55] 'set_property' expects at least one object. [/home/eaglesat/Documents/plugsin/plugsin_PL/plugsin_PL.srcs/constrs_1/imports/vivado-essentials/xillydemo.xdc:91]
Resolution: If [get_<value>] was used to populate the object, check to make sure this command returns at least one valid object.
WARNING: [Vivado 12-584] No ports matched 'PS_GPIO[33]'. [/home/eaglesat/Documents/plugsin/plugsin_PL/plugsin_PL.srcs/constrs_1/imports/vivado-essentials/xillydemo.xdc:92]
CRITICAL WARNING: [Common 17-55] 'set_property' expects at least one object. [/home/eaglesat/Documents/plugsin/plugsin_PL/plugsin_PL.srcs/constrs_1/imports/vivado-essentials/xillydemo.xdc:92]
Resolution: If [get_<value>] was used to populate the object, check to make sure this command returns at least one valid object.
WARNING: [Vivado 12-584] No ports matched 'PS_GPIO[34]'. [/home/eaglesat/Documents/plugsin/plugsin_PL/plugsin_PL.srcs/constrs_1/imports/vivado-essentials/xillydemo.xdc:93]
CRITICAL WARNING: [Common 17-55] 'set_property' expects at least one object. [/home/eaglesat/Documents/plugsin/plugsin_PL/plugsin_PL.srcs/constrs_1/imports/vivado-essentials/xillydemo.xdc:93]
Resolution: If [get_<value>] was used to populate the object, check to make sure this command returns at least one valid object.
WARNING: [Vivado 12-584] No ports matched 'PS_GPIO[35]'. [/home/eaglesat/Documents/plugsin/plugsin_PL/plugsin_PL.srcs/constrs_1/imports/vivado-essentials/xillydemo.xdc:94]
CRITICAL WARNING: [Common 17-55] 'set_property' expects at least one object. [/home/eaglesat/Documents/plugsin/plugsin_PL/plugsin_PL.srcs/constrs_1/imports/vivado-essentials/xillydemo.xdc:94]
Resolution: If [get_<value>] was used to populate the object, check to make sure this command returns at least one valid object.
WARNING: [Vivado 12-584] No ports matched 'PS_GPIO[36]'. [/home/eaglesat/Documents/plugsin/plugsin_PL/plugsin_PL.srcs/constrs_1/imports/vivado-essentials/xillydemo.xdc:95]
CRITICAL WARNING: [Common 17-55] 'set_property' expects at least one object. [/home/eaglesat/Documents/plugsin/plugsin_PL/plugsin_PL.srcs/constrs_1/imports/vivado-essentials/xillydemo.xdc:95]
Resolution: If [get_<value>] was used to populate the object, check to make sure this command returns at least one valid object.
WARNING: [Vivado 12-584] No ports matched 'PS_GPIO[37]'. [/home/eaglesat/Documents/plugsin/plugsin_PL/plugsin_PL.srcs/constrs_1/imports/vivado-essentials/xillydemo.xdc:96]
CRITICAL WARNING: [Common 17-55] 'set_property' expects at least one object. [/home/eaglesat/Documents/plugsin/plugsin_PL/plugsin_PL.srcs/constrs_1/imports/vivado-essentials/xillydemo.xdc:96]
Resolution: If [get_<value>] was used to populate the object, check to make sure this command returns at least one valid object.
WARNING: [Vivado 12-584] No ports matched 'PS_GPIO[38]'. [/home/eaglesat/Documents/plugsin/plugsin_PL/plugsin_PL.srcs/constrs_1/imports/vivado-essentials/xillydemo.xdc:97]
CRITICAL WARNING: [Common 17-55] 'set_property' expects at least one object. [/home/eaglesat/Documents/plugsin/plugsin_PL/plugsin_PL.srcs/constrs_1/imports/vivado-essentials/xillydemo.xdc:97]
Resolution: If [get_<value>] was used to populate the object, check to make sure this command returns at least one valid object.
WARNING: [Vivado 12-584] No ports matched 'PS_GPIO[39]'. [/home/eaglesat/Documents/plugsin/plugsin_PL/plugsin_PL.srcs/constrs_1/imports/vivado-essentials/xillydemo.xdc:98]
CRITICAL WARNING: [Common 17-55] 'set_property' expects at least one object. [/home/eaglesat/Documents/plugsin/plugsin_PL/plugsin_PL.srcs/constrs_1/imports/vivado-essentials/xillydemo.xdc:98]
Resolution: If [get_<value>] was used to populate the object, check to make sure this command returns at least one valid object.
WARNING: [Vivado 12-584] No ports matched 'PS_GPIO[40]'. [/home/eaglesat/Documents/plugsin/plugsin_PL/plugsin_PL.srcs/constrs_1/imports/vivado-essentials/xillydemo.xdc:102]
CRITICAL WARNING: [Common 17-55] 'set_property' expects at least one object. [/home/eaglesat/Documents/plugsin/plugsin_PL/plugsin_PL.srcs/constrs_1/imports/vivado-essentials/xillydemo.xdc:102]
Resolution: If [get_<value>] was used to populate the object, check to make sure this command returns at least one valid object.
WARNING: [Vivado 12-584] No ports matched 'PS_GPIO[41]'. [/home/eaglesat/Documents/plugsin/plugsin_PL/plugsin_PL.srcs/constrs_1/imports/vivado-essentials/xillydemo.xdc:103]
CRITICAL WARNING: [Common 17-55] 'set_property' expects at least one object. [/home/eaglesat/Documents/plugsin/plugsin_PL/plugsin_PL.srcs/constrs_1/imports/vivado-essentials/xillydemo.xdc:103]
Resolution: If [get_<value>] was used to populate the object, check to make sure this command returns at least one valid object.
WARNING: [Vivado 12-584] No ports matched 'PS_GPIO[42]'. [/home/eaglesat/Documents/plugsin/plugsin_PL/plugsin_PL.srcs/constrs_1/imports/vivado-essentials/xillydemo.xdc:104]
CRITICAL WARNING: [Common 17-55] 'set_property' expects at least one object. [/home/eaglesat/Documents/plugsin/plugsin_PL/plugsin_PL.srcs/constrs_1/imports/vivado-essentials/xillydemo.xdc:104]
Resolution: If [get_<value>] was used to populate the object, check to make sure this command returns at least one valid object.
WARNING: [Vivado 12-584] No ports matched 'PS_GPIO[43]'. [/home/eaglesat/Documents/plugsin/plugsin_PL/plugsin_PL.srcs/constrs_1/imports/vivado-essentials/xillydemo.xdc:105]
CRITICAL WARNING: [Common 17-55] 'set_property' expects at least one object. [/home/eaglesat/Documents/plugsin/plugsin_PL/plugsin_PL.srcs/constrs_1/imports/vivado-essentials/xillydemo.xdc:105]
Resolution: If [get_<value>] was used to populate the object, check to make sure this command returns at least one valid object.
WARNING: [Vivado 12-584] No ports matched 'PS_GPIO[44]'. [/home/eaglesat/Documents/plugsin/plugsin_PL/plugsin_PL.srcs/constrs_1/imports/vivado-essentials/xillydemo.xdc:106]
CRITICAL WARNING: [Common 17-55] 'set_property' expects at least one object. [/home/eaglesat/Documents/plugsin/plugsin_PL/plugsin_PL.srcs/constrs_1/imports/vivado-essentials/xillydemo.xdc:106]
Resolution: If [get_<value>] was used to populate the object, check to make sure this command returns at least one valid object.
WARNING: [Vivado 12-584] No ports matched 'PS_GPIO[45]'. [/home/eaglesat/Documents/plugsin/plugsin_PL/plugsin_PL.srcs/constrs_1/imports/vivado-essentials/xillydemo.xdc:107]
CRITICAL WARNING: [Common 17-55] 'set_property' expects at least one object. [/home/eaglesat/Documents/plugsin/plugsin_PL/plugsin_PL.srcs/constrs_1/imports/vivado-essentials/xillydemo.xdc:107]
Resolution: If [get_<value>] was used to populate the object, check to make sure this command returns at least one valid object.
WARNING: [Vivado 12-584] No ports matched 'PS_GPIO[46]'. [/home/eaglesat/Documents/plugsin/plugsin_PL/plugsin_PL.srcs/constrs_1/imports/vivado-essentials/xillydemo.xdc:108]
CRITICAL WARNING: [Common 17-55] 'set_property' expects at least one object. [/home/eaglesat/Documents/plugsin/plugsin_PL/plugsin_PL.srcs/constrs_1/imports/vivado-essentials/xillydemo.xdc:108]
Resolution: If [get_<value>] was used to populate the object, check to make sure this command returns at least one valid object.
WARNING: [Vivado 12-584] No ports matched 'PS_GPIO[47]'. [/home/eaglesat/Documents/plugsin/plugsin_PL/plugsin_PL.srcs/constrs_1/imports/vivado-essentials/xillydemo.xdc:109]
CRITICAL WARNING: [Common 17-55] 'set_property' expects at least one object. [/home/eaglesat/Documents/plugsin/plugsin_PL/plugsin_PL.srcs/constrs_1/imports/vivado-essentials/xillydemo.xdc:109]
Resolution: If [get_<value>] was used to populate the object, check to make sure this command returns at least one valid object.
WARNING: [Vivado 12-584] No ports matched 'PS_GPIO[48]'. [/home/eaglesat/Documents/plugsin/plugsin_PL/plugsin_PL.srcs/constrs_1/imports/vivado-essentials/xillydemo.xdc:113]
CRITICAL WARNING: [Common 17-55] 'set_property' expects at least one object. [/home/eaglesat/Documents/plugsin/plugsin_PL/plugsin_PL.srcs/constrs_1/imports/vivado-essentials/xillydemo.xdc:113]
Resolution: If [get_<value>] was used to populate the object, check to make sure this command returns at least one valid object.
WARNING: [Vivado 12-584] No ports matched 'PS_GPIO[49]'. [/home/eaglesat/Documents/plugsin/plugsin_PL/plugsin_PL.srcs/constrs_1/imports/vivado-essentials/xillydemo.xdc:114]
CRITICAL WARNING: [Common 17-55] 'set_property' expects at least one object. [/home/eaglesat/Documents/plugsin/plugsin_PL/plugsin_PL.srcs/constrs_1/imports/vivado-essentials/xillydemo.xdc:114]
Resolution: If [get_<value>] was used to populate the object, check to make sure this command returns at least one valid object.
WARNING: [Vivado 12-584] No ports matched 'PS_GPIO[50]'. [/home/eaglesat/Documents/plugsin/plugsin_PL/plugsin_PL.srcs/constrs_1/imports/vivado-essentials/xillydemo.xdc:115]
CRITICAL WARNING: [Common 17-55] 'set_property' expects at least one object. [/home/eaglesat/Documents/plugsin/plugsin_PL/plugsin_PL.srcs/constrs_1/imports/vivado-essentials/xillydemo.xdc:115]
Resolution: If [get_<value>] was used to populate the object, check to make sure this command returns at least one valid object.
WARNING: [Vivado 12-584] No ports matched 'PS_GPIO[51]'. [/home/eaglesat/Documents/plugsin/plugsin_PL/plugsin_PL.srcs/constrs_1/imports/vivado-essentials/xillydemo.xdc:116]
CRITICAL WARNING: [Common 17-55] 'set_property' expects at least one object. [/home/eaglesat/Documents/plugsin/plugsin_PL/plugsin_PL.srcs/constrs_1/imports/vivado-essentials/xillydemo.xdc:116]
Resolution: If [get_<value>] was used to populate the object, check to make sure this command returns at least one valid object.
WARNING: [Vivado 12-584] No ports matched 'PS_GPIO[52]'. [/home/eaglesat/Documents/plugsin/plugsin_PL/plugsin_PL.srcs/constrs_1/imports/vivado-essentials/xillydemo.xdc:117]
CRITICAL WARNING: [Common 17-55] 'set_property' expects at least one object. [/home/eaglesat/Documents/plugsin/plugsin_PL/plugsin_PL.srcs/constrs_1/imports/vivado-essentials/xillydemo.xdc:117]
Resolution: If [get_<value>] was used to populate the object, check to make sure this command returns at least one valid object.
WARNING: [Vivado 12-584] No ports matched 'PS_GPIO[53]'. [/home/eaglesat/Documents/plugsin/plugsin_PL/plugsin_PL.srcs/constrs_1/imports/vivado-essentials/xillydemo.xdc:118]
CRITICAL WARNING: [Common 17-55] 'set_property' expects at least one object. [/home/eaglesat/Documents/plugsin/plugsin_PL/plugsin_PL.srcs/constrs_1/imports/vivado-essentials/xillydemo.xdc:118]
Resolution: If [get_<value>] was used to populate the object, check to make sure this command returns at least one valid object.
WARNING: [Vivado 12-584] No ports matched 'PS_GPIO[54]'. [/home/eaglesat/Documents/plugsin/plugsin_PL/plugsin_PL.srcs/constrs_1/imports/vivado-essentials/xillydemo.xdc:119]
CRITICAL WARNING: [Common 17-55] 'set_property' expects at least one object. [/home/eaglesat/Documents/plugsin/plugsin_PL/plugsin_PL.srcs/constrs_1/imports/vivado-essentials/xillydemo.xdc:119]
Resolution: If [get_<value>] was used to populate the object, check to make sure this command returns at least one valid object.
WARNING: [Vivado 12-584] No ports matched 'PS_GPIO[55]'. [/home/eaglesat/Documents/plugsin/plugsin_PL/plugsin_PL.srcs/constrs_1/imports/vivado-essentials/xillydemo.xdc:120]
CRITICAL WARNING: [Common 17-55] 'set_property' expects at least one object. [/home/eaglesat/Documents/plugsin/plugsin_PL/plugsin_PL.srcs/constrs_1/imports/vivado-essentials/xillydemo.xdc:120]
Resolution: If [get_<value>] was used to populate the object, check to make sure this command returns at least one valid object.
WARNING: [Vivado 12-584] No ports matched 'otg_oc'. [/home/eaglesat/Documents/plugsin/plugsin_PL/plugsin_PL.srcs/constrs_1/imports/vivado-essentials/xillydemo.xdc:124]
CRITICAL WARNING: [Common 17-55] 'set_property' expects at least one object. [/home/eaglesat/Documents/plugsin/plugsin_PL/plugsin_PL.srcs/constrs_1/imports/vivado-essentials/xillydemo.xdc:124]
Resolution: If [get_<value>] was used to populate the object, check to make sure this command returns at least one valid object.
WARNING: [Vivado 12-584] No ports matched 'smbus_addr[0]'. [/home/eaglesat/Documents/plugsin/plugsin_PL/plugsin_PL.srcs/constrs_1/imports/vivado-essentials/xillydemo.xdc:127]
CRITICAL WARNING: [Common 17-55] 'set_property' expects at least one object. [/home/eaglesat/Documents/plugsin/plugsin_PL/plugsin_PL.srcs/constrs_1/imports/vivado-essentials/xillydemo.xdc:127]
Resolution: If [get_<value>] was used to populate the object, check to make sure this command returns at least one valid object.
WARNING: [Vivado 12-584] No ports matched 'smbus_addr[1]'. [/home/eaglesat/Documents/plugsin/plugsin_PL/plugsin_PL.srcs/constrs_1/imports/vivado-essentials/xillydemo.xdc:128]
CRITICAL WARNING: [Common 17-55] 'set_property' expects at least one object. [/home/eaglesat/Documents/plugsin/plugsin_PL/plugsin_PL.srcs/constrs_1/imports/vivado-essentials/xillydemo.xdc:128]
Resolution: If [get_<value>] was used to populate the object, check to make sure this command returns at least one valid object.
WARNING: [Vivado 12-584] No ports matched 'smb_sclk'. [/home/eaglesat/Documents/plugsin/plugsin_PL/plugsin_PL.srcs/constrs_1/imports/vivado-essentials/xillydemo.xdc:129]
CRITICAL WARNING: [Common 17-55] 'set_property' expects at least one object. [/home/eaglesat/Documents/plugsin/plugsin_PL/plugsin_PL.srcs/constrs_1/imports/vivado-essentials/xillydemo.xdc:129]
Resolution: If [get_<value>] was used to populate the object, check to make sure this command returns at least one valid object.
WARNING: [Vivado 12-584] No ports matched 'smb_sdata'. [/home/eaglesat/Documents/plugsin/plugsin_PL/plugsin_PL.srcs/constrs_1/imports/vivado-essentials/xillydemo.xdc:130]
CRITICAL WARNING: [Common 17-55] 'set_property' expects at least one object. [/home/eaglesat/Documents/plugsin/plugsin_PL/plugsin_PL.srcs/constrs_1/imports/vivado-essentials/xillydemo.xdc:130]
Resolution: If [get_<value>] was used to populate the object, check to make sure this command returns at least one valid object.
WARNING: [Vivado 12-584] No ports matched 'audio_dac'. [/home/eaglesat/Documents/plugsin/plugsin_PL/plugsin_PL.srcs/constrs_1/imports/vivado-essentials/xillydemo.xdc:132]
CRITICAL WARNING: [Common 17-55] 'set_property' expects at least one object. [/home/eaglesat/Documents/plugsin/plugsin_PL/plugsin_PL.srcs/constrs_1/imports/vivado-essentials/xillydemo.xdc:132]
Resolution: If [get_<value>] was used to populate the object, check to make sure this command returns at least one valid object.
WARNING: [Vivado 12-584] No ports matched 'audio_adc'. [/home/eaglesat/Documents/plugsin/plugsin_PL/plugsin_PL.srcs/constrs_1/imports/vivado-essentials/xillydemo.xdc:133]
CRITICAL WARNING: [Common 17-55] 'set_property' expects at least one object. [/home/eaglesat/Documents/plugsin/plugsin_PL/plugsin_PL.srcs/constrs_1/imports/vivado-essentials/xillydemo.xdc:133]
Resolution: If [get_<value>] was used to populate the object, check to make sure this command returns at least one valid object.
WARNING: [Vivado 12-584] No ports matched 'audio_bclk'. [/home/eaglesat/Documents/plugsin/plugsin_PL/plugsin_PL.srcs/constrs_1/imports/vivado-essentials/xillydemo.xdc:134]
CRITICAL WARNING: [Common 17-55] 'set_property' expects at least one object. [/home/eaglesat/Documents/plugsin/plugsin_PL/plugsin_PL.srcs/constrs_1/imports/vivado-essentials/xillydemo.xdc:134]
Resolution: If [get_<value>] was used to populate the object, check to make sure this command returns at least one valid object.
WARNING: [Vivado 12-584] No ports matched 'audio_lrclk'. [/home/eaglesat/Documents/plugsin/plugsin_PL/plugsin_PL.srcs/constrs_1/imports/vivado-essentials/xillydemo.xdc:135]
CRITICAL WARNING: [Common 17-55] 'set_property' expects at least one object. [/home/eaglesat/Documents/plugsin/plugsin_PL/plugsin_PL.srcs/constrs_1/imports/vivado-essentials/xillydemo.xdc:135]
Resolution: If [get_<value>] was used to populate the object, check to make sure this command returns at least one valid object.
WARNING: [Vivado 12-584] No ports matched 'audio_mclk'. [/home/eaglesat/Documents/plugsin/plugsin_PL/plugsin_PL.srcs/constrs_1/imports/vivado-essentials/xillydemo.xdc:136]
CRITICAL WARNING: [Common 17-55] 'set_property' expects at least one object. [/home/eaglesat/Documents/plugsin/plugsin_PL/plugsin_PL.srcs/constrs_1/imports/vivado-essentials/xillydemo.xdc:136]
Resolution: If [get_<value>] was used to populate the object, check to make sure this command returns at least one valid object.
Finished Parsing XDC File [/home/eaglesat/Documents/plugsin/plugsin_PL/plugsin_PL.srcs/constrs_1/imports/vivado-essentials/xillydemo.xdc]
INFO: [Opt 31-138] Pushed 0 inverter(s) to 0 load pin(s).
INFO: [Project 1-111] Unisim Transformation Summary:
No Unisim elements were transformed.

18 Infos, 92 Warnings, 90 Critical Warnings and 0 Errors encountered.
link_design completed successfully
link_design: Time (s): cpu = 00:00:30 ; elapsed = 00:01:12 . Memory (MB): peak = 1995.637 ; gain = 807.680 ; free physical = 135 ; free virtual = 5091
Command: opt_design
Attempting to get a license for feature 'Implementation' and/or device 'xc7z020'
INFO: [Common 17-349] Got license for feature 'Implementation' and/or device 'xc7z020'
Running DRC as a precondition to command opt_design

Starting DRC Task
INFO: [DRC 23-27] Running DRC with 2 threads
INFO: [Project 1-461] DRC finished with 0 Errors
INFO: [Project 1-462] Please refer to the DRC report (report_drc) for more information.

Time (s): cpu = 00:00:02 ; elapsed = 00:00:02 . Memory (MB): peak = 2011.645 ; gain = 16.008 ; free physical = 119 ; free virtual = 5075
INFO: [Timing 38-35] Done setting XDC timing constraints.

Starting Logic Optimization Task

Phase 1 Retarget
INFO: [Opt 31-138] Pushed 6 inverter(s) to 6 load pin(s).
INFO: [Opt 31-49] Retargeted 0 cell(s).
Phase 1 Retarget | Checksum: 5bb910fc

Time (s): cpu = 00:00:00.13 ; elapsed = 00:00:00.18 . Memory (MB): peak = 2023.645 ; gain = 0.000 ; free physical = 119 ; free virtual = 5075
INFO: [Opt 31-389] Phase Retarget created 0 cells and removed 6 cells

Phase 2 Constant propagation
INFO: [Opt 31-138] Pushed 0 inverter(s) to 0 load pin(s).
Phase 2 Constant propagation | Checksum: 120fe779b

Time (s): cpu = 00:00:00.17 ; elapsed = 00:00:00.22 . Memory (MB): peak = 2023.645 ; gain = 0.000 ; free physical = 119 ; free virtual = 5075
INFO: [Opt 31-389] Phase Constant propagation created 0 cells and removed 0 cells

Phase 3 Sweep
Phase 3 Sweep | Checksum: a5a57cf8

Time (s): cpu = 00:00:00.22 ; elapsed = 00:00:00.30 . Memory (MB): peak = 2023.645 ; gain = 0.000 ; free physical = 119 ; free virtual = 5075
INFO: [Opt 31-389] Phase Sweep created 0 cells and removed 0 cells

Phase 4 BUFG optimization
Phase 4 BUFG optimization | Checksum: a5a57cf8

Time (s): cpu = 00:00:00.30 ; elapsed = 00:00:00.40 . Memory (MB): peak = 2023.645 ; gain = 0.000 ; free physical = 119 ; free virtual = 5075
INFO: [Opt 31-389] Phase BUFG optimization created 0 cells and removed 0 cells

Phase 5 Shift Register Optimization
Phase 5 Shift Register Optimization | Checksum: a5a57cf8

Time (s): cpu = 00:00:00.31 ; elapsed = 00:00:00.41 . Memory (MB): peak = 2023.645 ; gain = 0.000 ; free physical = 119 ; free virtual = 5075
INFO: [Opt 31-389] Phase Shift Register Optimization created 0 cells and removed 0 cells

Starting Connectivity Check Task

Time (s): cpu = 00:00:00 ; elapsed = 00:00:00 . Memory (MB): peak = 2023.645 ; gain = 0.000 ; free physical = 119 ; free virtual = 5075
Ending Logic Optimization Task | Checksum: a5a57cf8

Time (s): cpu = 00:00:00.33 ; elapsed = 00:00:00.44 . Memory (MB): peak = 2023.645 ; gain = 0.000 ; free physical = 119 ; free virtual = 5075

Starting Power Optimization Task
INFO: [Pwropt 34-132] Skipping clock gating for clocks with a period < 2.00 ns.
Ending Power Optimization Task | Checksum: 1498ffa40

Time (s): cpu = 00:00:00.03 ; elapsed = 00:00:00.08 . Memory (MB): peak = 2023.645 ; gain = 0.000 ; free physical = 118 ; free virtual = 5075
INFO: [Common 17-83] Releasing license: Implementation
33 Infos, 92 Warnings, 90 Critical Warnings and 0 Errors encountered.
opt_design completed successfully
INFO: [Common 17-1381] The checkpoint '/home/eaglesat/Documents/plugsin/plugsin_PL/plugsin_PL.runs/impl_1/interface_opt.dcp' has been generated.
INFO: [runtcl-4] Executing : report_drc -file interface_drc_opted.rpt -pb interface_drc_opted.pb -rpx interface_drc_opted.rpx
Command: report_drc -file interface_drc_opted.rpt -pb interface_drc_opted.pb -rpx interface_drc_opted.rpx
INFO: [IP_Flow 19-1839] IP Catalog is up to date.
INFO: [DRC 23-27] Running DRC with 2 threads
INFO: [Coretcl 2-168] The results of DRC are in file /home/eaglesat/Documents/plugsin/plugsin_PL/plugsin_PL.runs/impl_1/interface_drc_opted.rpt.
report_drc completed successfully
INFO: [Chipscope 16-241] No debug cores found in the current design.
Before running the implement_debug_core command, either use the Set Up Debug wizard (GUI mode)
or use the create_debug_core and connect_debug_core Tcl commands to insert debug cores into the design.
Command: place_design
Attempting to get a license for feature 'Implementation' and/or device 'xc7z020'
INFO: [Common 17-349] Got license for feature 'Implementation' and/or device 'xc7z020'
INFO: [DRC 23-27] Running DRC with 2 threads
INFO: [Vivado_Tcl 4-198] DRC finished with 0 Errors
INFO: [Vivado_Tcl 4-199] Please refer to the DRC report (report_drc) for more information.
Running DRC as a precondition to command place_design
INFO: [DRC 23-27] Running DRC with 2 threads
INFO: [Vivado_Tcl 4-198] DRC finished with 0 Errors
INFO: [Vivado_Tcl 4-199] Please refer to the DRC report (report_drc) for more information.

Starting Placer Task
INFO: [Place 30-611] Multithreading enabled for place_design using a maximum of 2 CPUs

Phase 1 Placer Initialization

Phase 1.1 Placer Initialization Netlist Sorting
Netlist sorting complete. Time (s): cpu = 00:00:00.01 ; elapsed = 00:00:00 . Memory (MB): peak = 2031.648 ; gain = 0.000 ; free physical = 120 ; free virtual = 5060
Phase 1.1 Placer Initialization Netlist Sorting | Checksum: 781213a6

Time (s): cpu = 00:00:00.03 ; elapsed = 00:00:00.13 . Memory (MB): peak = 2031.648 ; gain = 0.000 ; free physical = 120 ; free virtual = 5060
INFO: [Timing 38-35] Done setting XDC timing constraints.
INFO: [Opt 31-138] Pushed 0 inverter(s) to 0 load pin(s).
Netlist sorting complete. Time (s): cpu = 00:00:00 ; elapsed = 00:00:00 . Memory (MB): peak = 2031.648 ; gain = 0.000 ; free physical = 119 ; free virtual = 5059

Phase 1.2 IO Placement/ Clock Placement/ Build Placer Device
INFO: [Timing 38-35] Done setting XDC timing constraints.
Phase 1.2 IO Placement/ Clock Placement/ Build Placer Device | Checksum: 13feef8dd

Time (s): cpu = 00:00:03 ; elapsed = 00:00:03 . Memory (MB): peak = 2031.648 ; gain = 0.000 ; free physical = 102 ; free virtual = 5053

Phase 1.3 Build Placer Netlist Model
Phase 1.3 Build Placer Netlist Model | Checksum: 1c765b2b1

Time (s): cpu = 00:00:04 ; elapsed = 00:00:04 . Memory (MB): peak = 2032.652 ; gain = 1.004 ; free physical = 118 ; free virtual = 5054

Phase 1.4 Constrain Clocks/Macros
Phase 1.4 Constrain Clocks/Macros | Checksum: 1c765b2b1

Time (s): cpu = 00:00:04 ; elapsed = 00:00:04 . Memory (MB): peak = 2032.652 ; gain = 1.004 ; free physical = 118 ; free virtual = 5054
Phase 1 Placer Initialization | Checksum: 1c765b2b1

Time (s): cpu = 00:00:04 ; elapsed = 00:00:04 . Memory (MB): peak = 2032.652 ; gain = 1.004 ; free physical = 118 ; free virtual = 5054

Phase 2 Global Placement
Phase 2 Global Placement | Checksum: 1519d39c2

Time (s): cpu = 00:00:05 ; elapsed = 00:00:05 . Memory (MB): peak = 2032.652 ; gain = 1.004 ; free physical = 116 ; free virtual = 5054

Phase 3 Detail Placement

Phase 3.1 Commit Multi Column Macros
Phase 3.1 Commit Multi Column Macros | Checksum: 1519d39c2

Time (s): cpu = 00:00:05 ; elapsed = 00:00:05 . Memory (MB): peak = 2032.652 ; gain = 1.004 ; free physical = 116 ; free virtual = 5054

Phase 3.2 Commit Most Macros & LUTRAMs
Phase 3.2 Commit Most Macros & LUTRAMs | Checksum: d8d855d7

Time (s): cpu = 00:00:05 ; elapsed = 00:00:05 . Memory (MB): peak = 2032.652 ; gain = 1.004 ; free physical = 115 ; free virtual = 5053

Phase 3.3 Area Swap Optimization
Phase 3.3 Area Swap Optimization | Checksum: 147b42a38

Time (s): cpu = 00:00:05 ; elapsed = 00:00:05 . Memory (MB): peak = 2032.652 ; gain = 1.004 ; free physical = 115 ; free virtual = 5053

Phase 3.4 Pipeline Register Optimization
Phase 3.4 Pipeline Register Optimization | Checksum: 1c9cd7ef1

Time (s): cpu = 00:00:05 ; elapsed = 00:00:05 . Memory (MB): peak = 2032.652 ; gain = 1.004 ; free physical = 115 ; free virtual = 5053

Phase 3.5 Small Shape Detail Placement
Phase 3.5 Small Shape Detail Placement | Checksum: bf788acc

Time (s): cpu = 00:00:06 ; elapsed = 00:00:06 . Memory (MB): peak = 2032.652 ; gain = 1.004 ; free physical = 111 ; free virtual = 5050

Phase 3.6 Re-assign LUT pins
Phase 3.6 Re-assign LUT pins | Checksum: 11b5b8367

Time (s): cpu = 00:00:06 ; elapsed = 00:00:06 . Memory (MB): peak = 2032.652 ; gain = 1.004 ; free physical = 111 ; free virtual = 5050

Phase 3.7 Pipeline Register Optimization
Phase 3.7 Pipeline Register Optimization | Checksum: 11b5b8367

Time (s): cpu = 00:00:06 ; elapsed = 00:00:06 . Memory (MB): peak = 2032.652 ; gain = 1.004 ; free physical = 111 ; free virtual = 5050
Phase 3 Detail Placement | Checksum: 11b5b8367

Time (s): cpu = 00:00:06 ; elapsed = 00:00:06 . Memory (MB): peak = 2032.652 ; gain = 1.004 ; free physical = 111 ; free virtual = 5050

Phase 4 Post Placement Optimization and Clean-Up

Phase 4.1 Post Commit Optimization
INFO: [Timing 38-35] Done setting XDC timing constraints.

Phase 4.1.1 Post Placement Optimization
Post Placement Optimization Initialization | Checksum: 1595bd080

Phase 4.1.1.1 BUFG Insertion
INFO: [Physopt 32-721] Multithreading enabled for phys_opt_design using a maximum of 2 CPUs
INFO: [Place 46-31] BUFG insertion identified 0 candidate nets, 0 success, 0 skipped for placement/routing, 0 skipped for timing, 0 skipped for netlist change reason.
Phase 4.1.1.1 BUFG Insertion | Checksum: 1595bd080

Time (s): cpu = 00:00:06 ; elapsed = 00:00:07 . Memory (MB): peak = 2033.656 ; gain = 2.008 ; free physical = 110 ; free virtual = 5049
INFO: [Place 30-746] Post Placement Timing Summary WNS=8.418. For the most accurate timing information please run report_timing.
Phase 4.1.1 Post Placement Optimization | Checksum: 16be92dfe

Time (s): cpu = 00:00:06 ; elapsed = 00:00:07 . Memory (MB): peak = 2033.656 ; gain = 2.008 ; free physical = 110 ; free virtual = 5049
Phase 4.1 Post Commit Optimization | Checksum: 16be92dfe

Time (s): cpu = 00:00:07 ; elapsed = 00:00:07 . Memory (MB): peak = 2033.656 ; gain = 2.008 ; free physical = 110 ; free virtual = 5049

Phase 4.2 Post Placement Cleanup
Phase 4.2 Post Placement Cleanup | Checksum: 16be92dfe

Time (s): cpu = 00:00:07 ; elapsed = 00:00:07 . Memory (MB): peak = 2033.656 ; gain = 2.008 ; free physical = 110 ; free virtual = 5050

Phase 4.3 Placer Reporting
Phase 4.3 Placer Reporting | Checksum: 16be92dfe

Time (s): cpu = 00:00:07 ; elapsed = 00:00:07 . Memory (MB): peak = 2033.656 ; gain = 2.008 ; free physical = 110 ; free virtual = 5050

Phase 4.4 Final Placement Cleanup
Phase 4.4 Final Placement Cleanup | Checksum: 16be92dfe

Time (s): cpu = 00:00:07 ; elapsed = 00:00:07 . Memory (MB): peak = 2033.656 ; gain = 2.008 ; free physical = 110 ; free virtual = 5050
Phase 4 Post Placement Optimization and Clean-Up | Checksum: 16be92dfe

Time (s): cpu = 00:00:07 ; elapsed = 00:00:07 . Memory (MB): peak = 2033.656 ; gain = 2.008 ; free physical = 110 ; free virtual = 5050
Ending Placer Task | Checksum: 1551d5892

Time (s): cpu = 00:00:07 ; elapsed = 00:00:07 . Memory (MB): peak = 2033.656 ; gain = 2.008 ; free physical = 116 ; free virtual = 5056
INFO: [Common 17-83] Releasing license: Implementation
55 Infos, 92 Warnings, 90 Critical Warnings and 0 Errors encountered.
place_design completed successfully
place_design: Time (s): cpu = 00:00:09 ; elapsed = 00:00:09 . Memory (MB): peak = 2033.656 ; gain = 2.008 ; free physical = 116 ; free virtual = 5056
Writing placer database...
Writing XDEF routing.
Writing XDEF routing logical nets.
Writing XDEF routing special nets.
Write XDEF Complete: Time (s): cpu = 00:00:00.48 ; elapsed = 00:00:00.38 . Memory (MB): peak = 2033.656 ; gain = 0.000 ; free physical = 115 ; free virtual = 5058
INFO: [Common 17-1381] The checkpoint '/home/eaglesat/Documents/plugsin/plugsin_PL/plugsin_PL.runs/impl_1/interface_placed.dcp' has been generated.
INFO: [runtcl-4] Executing : report_io -file interface_io_placed.rpt
report_io: Time (s): cpu = 00:00:00.19 ; elapsed = 00:00:00.34 . Memory (MB): peak = 2033.656 ; gain = 0.000 ; free physical = 128 ; free virtual = 5044
INFO: [runtcl-4] Executing : report_utilization -file interface_utilization_placed.rpt -pb interface_utilization_placed.pb
report_utilization: Time (s): cpu = 00:00:00.12 ; elapsed = 00:00:00.23 . Memory (MB): peak = 2033.656 ; gain = 0.000 ; free physical = 140 ; free virtual = 5056
INFO: [runtcl-4] Executing : report_control_sets -verbose -file interface_control_sets_placed.rpt
report_control_sets: Time (s): cpu = 00:00:00.07 ; elapsed = 00:00:00.12 . Memory (MB): peak = 2033.656 ; gain = 0.000 ; free physical = 139 ; free virtual = 5055
Command: route_design
Attempting to get a license for feature 'Implementation' and/or device 'xc7z020'
INFO: [Common 17-349] Got license for feature 'Implementation' and/or device 'xc7z020'
Running DRC as a precondition to command route_design
INFO: [DRC 23-27] Running DRC with 2 threads
INFO: [Vivado_Tcl 4-198] DRC finished with 0 Errors
INFO: [Vivado_Tcl 4-199] Please refer to the DRC report (report_drc) for more information.


Starting Routing Task
INFO: [Route 35-254] Multithreading enabled for route_design using a maximum of 2 CPUs
Checksum: PlaceDB: 6c310a08 ConstDB: 0 ShapeSum: e8ec4e8a RouteDB: 0

Phase 1 Build RT Design
Phase 1 Build RT Design | Checksum: 2a8449c5

Time (s): cpu = 00:00:28 ; elapsed = 00:00:25 . Memory (MB): peak = 2156.328 ; gain = 122.672 ; free physical = 108 ; free virtual = 4917
Post Restoration Checksum: NetGraph: c5db674 NumContArr: 1e269351 Constraints: 0 Timing: 0

Phase 2 Router Initialization

Phase 2.1 Create Timer
Phase 2.1 Create Timer | Checksum: 2a8449c5

Time (s): cpu = 00:00:28 ; elapsed = 00:00:25 . Memory (MB): peak = 2156.328 ; gain = 122.672 ; free physical = 107 ; free virtual = 4917

Phase 2.2 Fix Topology Constraints
Phase 2.2 Fix Topology Constraints | Checksum: 2a8449c5

Time (s): cpu = 00:00:28 ; elapsed = 00:00:25 . Memory (MB): peak = 2156.328 ; gain = 122.672 ; free physical = 117 ; free virtual = 4911

Phase 2.3 Pre Route Cleanup
Phase 2.3 Pre Route Cleanup | Checksum: 2a8449c5

Time (s): cpu = 00:00:28 ; elapsed = 00:00:25 . Memory (MB): peak = 2156.328 ; gain = 122.672 ; free physical = 119 ; free virtual = 4913
 Number of Nodes with overlaps = 0

Phase 2.4 Update Timing
Phase 2.4 Update Timing | Checksum: 19157d8ce

Time (s): cpu = 00:00:29 ; elapsed = 00:00:26 . Memory (MB): peak = 2156.328 ; gain = 122.672 ; free physical = 111 ; free virtual = 4906
INFO: [Route 35-416] Intermediate Timing Summary | WNS=8.265  | TNS=0.000  | WHS=-0.063 | THS=-0.668 |

Phase 2 Router Initialization | Checksum: 1a4d30e2c

Time (s): cpu = 00:00:30 ; elapsed = 00:00:26 . Memory (MB): peak = 2156.328 ; gain = 122.672 ; free physical = 110 ; free virtual = 4905

Phase 3 Initial Routing
Phase 3 Initial Routing | Checksum: 12091600e

Time (s): cpu = 00:00:30 ; elapsed = 00:00:26 . Memory (MB): peak = 2156.328 ; gain = 122.672 ; free physical = 123 ; free virtual = 4902

Phase 4 Rip-up And Reroute

Phase 4.1 Global Iteration 0
 Number of Nodes with overlaps = 202
 Number of Nodes with overlaps = 0
INFO: [Route 35-416] Intermediate Timing Summary | WNS=8.503  | TNS=0.000  | WHS=N/A    | THS=N/A    |

Phase 4.1 Global Iteration 0 | Checksum: 276ea4a52

Time (s): cpu = 00:00:31 ; elapsed = 00:00:27 . Memory (MB): peak = 2156.328 ; gain = 122.672 ; free physical = 124 ; free virtual = 4902
Phase 4 Rip-up And Reroute | Checksum: 276ea4a52

Time (s): cpu = 00:00:31 ; elapsed = 00:00:27 . Memory (MB): peak = 2156.328 ; gain = 122.672 ; free physical = 124 ; free virtual = 4902

Phase 5 Delay and Skew Optimization

Phase 5.1 Delay CleanUp

Phase 5.1.1 Update Timing
Phase 5.1.1 Update Timing | Checksum: 2b52b87fd

Time (s): cpu = 00:00:31 ; elapsed = 00:00:27 . Memory (MB): peak = 2156.328 ; gain = 122.672 ; free physical = 124 ; free virtual = 4902
INFO: [Route 35-416] Intermediate Timing Summary | WNS=8.653  | TNS=0.000  | WHS=N/A    | THS=N/A    |

Phase 5.1 Delay CleanUp | Checksum: 2b52b87fd

Time (s): cpu = 00:00:31 ; elapsed = 00:00:27 . Memory (MB): peak = 2156.328 ; gain = 122.672 ; free physical = 124 ; free virtual = 4902

Phase 5.2 Clock Skew Optimization
Phase 5.2 Clock Skew Optimization | Checksum: 2b52b87fd

Time (s): cpu = 00:00:31 ; elapsed = 00:00:27 . Memory (MB): peak = 2156.328 ; gain = 122.672 ; free physical = 124 ; free virtual = 4902
Phase 5 Delay and Skew Optimization | Checksum: 2b52b87fd

Time (s): cpu = 00:00:31 ; elapsed = 00:00:27 . Memory (MB): peak = 2156.328 ; gain = 122.672 ; free physical = 124 ; free virtual = 4902

Phase 6 Post Hold Fix

Phase 6.1 Hold Fix Iter

Phase 6.1.1 Update Timing
Phase 6.1.1 Update Timing | Checksum: 26812f251

Time (s): cpu = 00:00:31 ; elapsed = 00:00:27 . Memory (MB): peak = 2156.328 ; gain = 122.672 ; free physical = 124 ; free virtual = 4902
INFO: [Route 35-416] Intermediate Timing Summary | WNS=8.653  | TNS=0.000  | WHS=0.194  | THS=0.000  |

Phase 6.1 Hold Fix Iter | Checksum: 25e3bf1d6

Time (s): cpu = 00:00:31 ; elapsed = 00:00:27 . Memory (MB): peak = 2156.328 ; gain = 122.672 ; free physical = 124 ; free virtual = 4902
Phase 6 Post Hold Fix | Checksum: 25e3bf1d6

Time (s): cpu = 00:00:31 ; elapsed = 00:00:27 . Memory (MB): peak = 2156.328 ; gain = 122.672 ; free physical = 124 ; free virtual = 4902

Phase 7 Route finalize

Router Utilization Summary
  Global Vertical Routing Utilization    = 0.169463 %
  Global Horizontal Routing Utilization  = 0.235548 %
  Routable Net Status*
  *Does not include unroutable nets such as driverless and loadless.
  Run report_route_status for detailed report.
  Number of Failed Nets               = 0
  Number of Unrouted Nets             = 0
  Number of Partially Routed Nets     = 0
  Number of Node Overlaps             = 0

Phase 7 Route finalize | Checksum: 1e9a90c5f

Time (s): cpu = 00:00:31 ; elapsed = 00:00:27 . Memory (MB): peak = 2156.328 ; gain = 122.672 ; free physical = 124 ; free virtual = 4902

Phase 8 Verifying routed nets

 Verification completed successfully
Phase 8 Verifying routed nets | Checksum: 1e9a90c5f

Time (s): cpu = 00:00:31 ; elapsed = 00:00:27 . Memory (MB): peak = 2156.328 ; gain = 122.672 ; free physical = 124 ; free virtual = 4902

Phase 9 Depositing Routes
Phase 9 Depositing Routes | Checksum: 140a65d32

Time (s): cpu = 00:00:31 ; elapsed = 00:00:27 . Memory (MB): peak = 2156.328 ; gain = 122.672 ; free physical = 124 ; free virtual = 4902

Phase 10 Post Router Timing
INFO: [Route 35-57] Estimated Timing Summary | WNS=8.653  | TNS=0.000  | WHS=0.194  | THS=0.000  |

INFO: [Route 35-327] The final timing numbers are based on the router estimated timing analysis. For a complete and accurate timing signoff, please run report_timing_summary.
Phase 10 Post Router Timing | Checksum: 140a65d32

Time (s): cpu = 00:00:31 ; elapsed = 00:00:27 . Memory (MB): peak = 2156.328 ; gain = 122.672 ; free physical = 124 ; free virtual = 4902
INFO: [Route 35-16] Router Completed Successfully

Time (s): cpu = 00:00:31 ; elapsed = 00:00:27 . Memory (MB): peak = 2156.328 ; gain = 122.672 ; free physical = 134 ; free virtual = 4912

Routing Is Done.
INFO: [Common 17-83] Releasing license: Implementation
72 Infos, 92 Warnings, 90 Critical Warnings and 0 Errors encountered.
route_design completed successfully
route_design: Time (s): cpu = 00:00:34 ; elapsed = 00:00:30 . Memory (MB): peak = 2156.328 ; gain = 122.672 ; free physical = 134 ; free virtual = 4912
Writing placer database...
Writing XDEF routing.
Writing XDEF routing logical nets.
Writing XDEF routing special nets.
Write XDEF Complete: Time (s): cpu = 00:00:00.27 ; elapsed = 00:00:00.15 . Memory (MB): peak = 2156.328 ; gain = 0.000 ; free physical = 130 ; free virtual = 4911
INFO: [Common 17-1381] The checkpoint '/home/eaglesat/Documents/plugsin/plugsin_PL/plugsin_PL.runs/impl_1/interface_routed.dcp' has been generated.
INFO: [runtcl-4] Executing : report_drc -file interface_drc_routed.rpt -pb interface_drc_routed.pb -rpx interface_drc_routed.rpx
Command: report_drc -file interface_drc_routed.rpt -pb interface_drc_routed.pb -rpx interface_drc_routed.rpx
INFO: [IP_Flow 19-1839] IP Catalog is up to date.
INFO: [DRC 23-27] Running DRC with 2 threads
INFO: [Coretcl 2-168] The results of DRC are in file /home/eaglesat/Documents/plugsin/plugsin_PL/plugsin_PL.runs/impl_1/interface_drc_routed.rpt.
report_drc completed successfully
INFO: [runtcl-4] Executing : report_methodology -file interface_methodology_drc_routed.rpt -pb interface_methodology_drc_routed.pb -rpx interface_methodology_drc_routed.rpx
Command: report_methodology -file interface_methodology_drc_routed.rpt -pb interface_methodology_drc_routed.pb -rpx interface_methodology_drc_routed.rpx
INFO: [Timing 38-35] Done setting XDC timing constraints.
INFO: [Timing 38-35] Done setting XDC timing constraints.
INFO: [DRC 23-133] Running Methodology with 2 threads
INFO: [Coretcl 2-1520] The results of Report Methodology are in file /home/eaglesat/Documents/plugsin/plugsin_PL/plugsin_PL.runs/impl_1/interface_methodology_drc_routed.rpt.
report_methodology completed successfully
INFO: [runtcl-4] Executing : report_power -file interface_power_routed.rpt -pb interface_power_summary_routed.pb -rpx interface_power_routed.rpx
Command: report_power -file interface_power_routed.rpt -pb interface_power_summary_routed.pb -rpx interface_power_routed.rpx
INFO: [Timing 38-35] Done setting XDC timing constraints.
Running Vector-less Activity Propagation...

Finished Running Vector-less Activity Propagation
84 Infos, 92 Warnings, 90 Critical Warnings and 0 Errors encountered.
report_power completed successfully
INFO: [runtcl-4] Executing : report_route_status -file interface_route_status.rpt -pb interface_route_status.pb
INFO: [runtcl-4] Executing : report_timing_summary -max_paths 10 -file interface_timing_summary_routed.rpt -rpx interface_timing_summary_routed.rpx -warn_on_violation 
INFO: [Timing 38-91] UpdateTimingParams: Speed grade: -1, Delay Type: min_max.
INFO: [Timing 38-191] Multithreading enabled for timing update using a maximum of 2 CPUs
INFO: [runtcl-4] Executing : report_incremental_reuse -file interface_incremental_reuse_routed.rpt
INFO: [Vivado_Tcl 4-545] No incremental reuse to report, no incremental placement and routing data was found.
INFO: [runtcl-4] Executing : report_clock_utilization -file interface_clock_utilization_routed.rpt
INFO: [Common 17-206] Exiting Vivado at Sat Mar 31 17:47:28 2018...
